<html>
<head>
<title>TestNG:  Test</title>
<link href="../testng.css" rel="stylesheet" type="text/css" />
<link href="../my-testng.css" rel="stylesheet" type="text/css" />

<style type="text/css">
.log { display: none;} 
.stack-trace { display: none;} 
</style>
<script type="text/javascript">
<!--
function flip(e) {
  current = e.style.display;
  if (current == 'block') {
    e.style.display = 'none';
    return 0;
  }
  else {
    e.style.display = 'block';
    return 1;
  }
}

function toggleBox(szDivId, elem, msg1, msg2)
{
  var res = -1;  if (document.getElementById) {
    res = flip(document.getElementById(szDivId));
  }
  else if (document.all) {
    // this is the way old msie versions work
    res = flip(document.all[szDivId]);
  }
  if(elem) {
    if(res == 0) elem.innerHTML = msg1; else elem.innerHTML = msg2;
  }

}

function toggleAllBoxes() {
  if (document.getElementsByTagName) {
    d = document.getElementsByTagName('div');
    for (i = 0; i < d.length; i++) {
      if (d[i].className == 'log') {
        flip(d[i]);
      }
    }
  }
}

// -->
</script>

</head>
<body>
<h2 align='center'>Test</h2><table border='1' align="center">
<tr>
<td>Tests passed/Failed/Skipped:</td><td>111/6/0</td>
</tr><tr>
<td>Started on:</td><td>Sat Nov 11 13:29:36 IST 2023</td>
</tr>
<tr><td>Total time:</td><td>1217 seconds (1217424 ms)</td>
</tr><tr>
<td>Included groups:</td><td></td>
</tr><tr>
<td>Excluded groups:</td><td></td>
</tr>
</table><p/>
<small><i>(Hover the method name to see the test class name)</i></small><p/>
<table width='100%' border='1' class='invocation-failed'>
<tr><td colspan='4' align='center'><b>FAILED TESTS</b></td></tr>
<tr><td><b>Test method</b></td>
<td><b>Attribute(s)</b></td>
<td width="30%"><b>Exception</b></td>
<td width="10%"><b>Time (seconds)</b></td>
<td><b>Instance</b></td>
</tr>
<tr>
<td title='SingleCollateralCompletionTestCases.RejectCollateralByBM2.CollateralAdditionLink()'><b>CollateralAdditionLink</b><br>Test class: SingleCollateralCompletionTestCases.RejectCollateralByBM2</td>
<td><div><pre>org.openqa.selenium.NoSuchElementException: no such element: Unable to locate element: {&quot;method&quot;:&quot;xpath&quot;,&quot;selector&quot;:&quot;/html/body/div[2]/div/div[3]/div/div[2]/div/div[1]/div/div[3]/img&quot;}
  (Session info: chrome=119.0.6045.124)
For documentation on this error, please visit: https://selenium.dev/exceptions/#no_such_element
Build info: version: &apos;4.9.1&apos;, revision: &apos;eb2032df7f&apos;
System info: os.name: &apos;Windows 10&apos;, os.arch: &apos;amd64&apos;, os.version: &apos;10.0&apos;, java.version: &apos;20.0.1&apos;
Driver info: org.openqa.selenium.chrome.ChromeDriver
Command: [01abd697a0774f64ed1ca008d9805b61, findElement {using=xpath, value=/html/body/div[2]/div/div[3]/div/div[2]/div/div[1]/div/div[3]/img}]
Capabilities {acceptInsecureCerts: false, browserName: chrome, browserVersion: 119.0.6045.124, chrome: {chromedriverVersion: 119.0.6045.105 (38c72552c5e..., userDataDir: C:\Users\Lenovo\AppData\Loc...}, fedcm:accounts: true, goog:chromeOptions: {debuggerAddress: localhost:50228}, networkConnectionEnabled: false, pageLoadStrategy: normal, platformName: windows, proxy: Proxy(), se:cdp: ws://localhost:50228/devtoo..., se:cdpVersion: 119.0.6045.124, setWindowRect: true, strictFileInteractability: false, timeouts: {implicit: 0, pageLoad: 300000, script: 30000}, unhandledPromptBehavior: dismiss and notify, webauthn:extension:credBlob: true, webauthn:extension:largeBlob: true, webauthn:extension:minPinLength: true, webauthn:extension:prf: true, webauthn:virtualAuthenticators: true}
Session ID: 01abd697a0774f64ed1ca008d9805b61
	at org.openqa.selenium.remote.codec.w3c.W3CHttpResponseCodec.createException(W3CHttpResponseCodec.java:200)
	at org.openqa.selenium.remote.codec.w3c.W3CHttpResponseCodec.decode(W3CHttpResponseCodec.java:133)
	at org.openqa.selenium.remote.codec.w3c.W3CHttpResponseCodec.decode(W3CHttpResponseCodec.java:53)
	at org.openqa.selenium.remote.HttpCommandExecutor.execute(HttpCommandExecutor.java:193)
	at org.openqa.selenium.remote.service.DriverCommandExecutor.invokeExecute(DriverCommandExecutor.java:183)
	at org.openqa.selenium.remote.service.DriverCommandExecutor.execute(DriverCommandExecutor.java:158)
	at org.openqa.selenium.remote.RemoteWebDriver.execute(RemoteWebDriver.java:543)
	at org.openqa.selenium.remote.ElementLocation$ElementFinder$2.findElement(ElementLocation.java:162)
	at org.openqa.selenium.remote.ElementLocation.findElement(ElementLocation.java:60)
	at org.openqa.selenium.remote.RemoteWebDriver.findElement(RemoteWebDriver.java:352)
	at org.openqa.selenium.remote.RemoteWebDriver.findElement(RemoteWebDriver.java:344)
	at SingleCollateralCompletionTestCases.RejectCollateralByBM2.CollateralAdditionLink(RejectCollateralByBM2.java:71)
	at java.base/java.util.ArrayList.forEach(ArrayList.java:1511)
... Removed 28 stack frames</pre></div><a href='#' onClick='toggleBox("stack-trace1819552644", this, "Click to show all stack frames", "Click to hide stack frames")'>Click to show all stack frames</a>
<div class='stack-trace' id='stack-trace1819552644'><pre>org.openqa.selenium.NoSuchElementException: no such element: Unable to locate element: {&quot;method&quot;:&quot;xpath&quot;,&quot;selector&quot;:&quot;/html/body/div[2]/div/div[3]/div/div[2]/div/div[1]/div/div[3]/img&quot;}
  (Session info: chrome=119.0.6045.124)
For documentation on this error, please visit: https://selenium.dev/exceptions/#no_such_element
Build info: version: &apos;4.9.1&apos;, revision: &apos;eb2032df7f&apos;
System info: os.name: &apos;Windows 10&apos;, os.arch: &apos;amd64&apos;, os.version: &apos;10.0&apos;, java.version: &apos;20.0.1&apos;
Driver info: org.openqa.selenium.chrome.ChromeDriver
Command: [01abd697a0774f64ed1ca008d9805b61, findElement {using=xpath, value=/html/body/div[2]/div/div[3]/div/div[2]/div/div[1]/div/div[3]/img}]
Capabilities {acceptInsecureCerts: false, browserName: chrome, browserVersion: 119.0.6045.124, chrome: {chromedriverVersion: 119.0.6045.105 (38c72552c5e..., userDataDir: C:\Users\Lenovo\AppData\Loc...}, fedcm:accounts: true, goog:chromeOptions: {debuggerAddress: localhost:50228}, networkConnectionEnabled: false, pageLoadStrategy: normal, platformName: windows, proxy: Proxy(), se:cdp: ws://localhost:50228/devtoo..., se:cdpVersion: 119.0.6045.124, setWindowRect: true, strictFileInteractability: false, timeouts: {implicit: 0, pageLoad: 300000, script: 30000}, unhandledPromptBehavior: dismiss and notify, webauthn:extension:credBlob: true, webauthn:extension:largeBlob: true, webauthn:extension:minPinLength: true, webauthn:extension:prf: true, webauthn:virtualAuthenticators: true}
Session ID: 01abd697a0774f64ed1ca008d9805b61
	at java.base/jdk.internal.reflect.DirectConstructorHandleAccessor.newInstance(DirectConstructorHandleAccessor.java:67)
	at java.base/java.lang.reflect.Constructor.newInstanceWithCaller(Constructor.java:500)
	at java.base/java.lang.reflect.Constructor.newInstance(Constructor.java:484)
	at org.openqa.selenium.remote.codec.w3c.W3CHttpResponseCodec.createException(W3CHttpResponseCodec.java:200)
	at org.openqa.selenium.remote.codec.w3c.W3CHttpResponseCodec.decode(W3CHttpResponseCodec.java:133)
	at org.openqa.selenium.remote.codec.w3c.W3CHttpResponseCodec.decode(W3CHttpResponseCodec.java:53)
	at org.openqa.selenium.remote.HttpCommandExecutor.execute(HttpCommandExecutor.java:193)
	at org.openqa.selenium.remote.service.DriverCommandExecutor.invokeExecute(DriverCommandExecutor.java:183)
	at org.openqa.selenium.remote.service.DriverCommandExecutor.execute(DriverCommandExecutor.java:158)
	at org.openqa.selenium.remote.RemoteWebDriver.execute(RemoteWebDriver.java:543)
	at org.openqa.selenium.remote.ElementLocation$ElementFinder$2.findElement(ElementLocation.java:162)
	at org.openqa.selenium.remote.ElementLocation.findElement(ElementLocation.java:60)
	at org.openqa.selenium.remote.RemoteWebDriver.findElement(RemoteWebDriver.java:352)
	at org.openqa.selenium.remote.RemoteWebDriver.findElement(RemoteWebDriver.java:344)
	at SingleCollateralCompletionTestCases.RejectCollateralByBM2.CollateralAdditionLink(RejectCollateralByBM2.java:71)
	at java.base/jdk.internal.reflect.DirectMethodHandleAccessor.invoke(DirectMethodHandleAccessor.java:104)
	at java.base/java.lang.reflect.Method.invoke(Method.java:578)
	at org.testng.internal.invokers.MethodInvocationHelper.invokeMethod(MethodInvocationHelper.java:139)
	at org.testng.internal.invokers.TestInvoker.invokeMethod(TestInvoker.java:677)
	at org.testng.internal.invokers.TestInvoker.invokeTestMethod(TestInvoker.java:221)
	at org.testng.internal.invokers.MethodRunner.runInSequence(MethodRunner.java:50)
	at org.testng.internal.invokers.TestInvoker$MethodInvocationAgent.invoke(TestInvoker.java:969)
	at org.testng.internal.invokers.TestInvoker.invokeTestMethods(TestInvoker.java:194)
	at org.testng.internal.invokers.TestMethodWorker.invokeTestMethods(TestMethodWorker.java:148)
	at org.testng.internal.invokers.TestMethodWorker.run(TestMethodWorker.java:128)
	at java.base/java.util.ArrayList.forEach(ArrayList.java:1511)
	at org.testng.TestRunner.privateRun(TestRunner.java:829)
	at org.testng.TestRunner.run(TestRunner.java:602)
	at org.testng.SuiteRunner.runTest(SuiteRunner.java:437)
	at org.testng.SuiteRunner.runSequentially(SuiteRunner.java:431)
	at org.testng.SuiteRunner.privateRun(SuiteRunner.java:391)
	at org.testng.SuiteRunner.run(SuiteRunner.java:330)
	at org.testng.SuiteRunnerWorker.runSuite(SuiteRunnerWorker.java:52)
	at org.testng.SuiteRunnerWorker.run(SuiteRunnerWorker.java:95)
	at org.testng.TestNG.runSuitesSequentially(TestNG.java:1256)
	at org.testng.TestNG.runSuitesLocally(TestNG.java:1176)
	at org.testng.TestNG.runSuites(TestNG.java:1099)
	at org.testng.TestNG.run(TestNG.java:1067)
	at org.testng.remote.AbstractRemoteTestNG.run(AbstractRemoteTestNG.java:115)
	at org.testng.remote.RemoteTestNG.initAndRun(RemoteTestNG.java:251)
	at org.testng.remote.RemoteTestNG.main(RemoteTestNG.java:77)
</pre></div></td>
<td>35</td>
<td>SingleCollateralCompletionTestCases.RejectCollateralByBM2@4116aac9</td></tr>
<tr>
<td title='SingleCollateralCompletionTestCases.ChargeAndMovementRequestByBM3.ChargeRequestFormFillup()'><b>ChargeRequestFormFillup</b><br>Test class: SingleCollateralCompletionTestCases.ChargeAndMovementRequestByBM3</td>
<td><div><pre>org.openqa.selenium.NoSuchElementException: no such element: Unable to locate element: {&quot;method&quot;:&quot;xpath&quot;,&quot;selector&quot;:&quot;/html/body/div[2]/div/div[1]/div/h1&quot;}
  (Session info: chrome=119.0.6045.124)
For documentation on this error, please visit: https://selenium.dev/exceptions/#no_such_element
Build info: version: &apos;4.9.1&apos;, revision: &apos;eb2032df7f&apos;
System info: os.name: &apos;Windows 10&apos;, os.arch: &apos;amd64&apos;, os.version: &apos;10.0&apos;, java.version: &apos;20.0.1&apos;
Driver info: org.openqa.selenium.chrome.ChromeDriver
Command: [60e7daec0e6cf215587ff8f8f24c2555, findElement {using=xpath, value=/html/body/div[2]/div/div[1]/div/h1}]
Capabilities {acceptInsecureCerts: false, browserName: chrome, browserVersion: 119.0.6045.124, chrome: {chromedriverVersion: 119.0.6045.105 (38c72552c5e..., userDataDir: C:\Users\Lenovo\AppData\Loc...}, fedcm:accounts: true, goog:chromeOptions: {debuggerAddress: localhost:50739}, networkConnectionEnabled: false, pageLoadStrategy: normal, platformName: windows, proxy: Proxy(), se:cdp: ws://localhost:50739/devtoo..., se:cdpVersion: 119.0.6045.124, setWindowRect: true, strictFileInteractability: false, timeouts: {implicit: 0, pageLoad: 300000, script: 30000}, unhandledPromptBehavior: dismiss and notify, webauthn:extension:credBlob: true, webauthn:extension:largeBlob: true, webauthn:extension:minPinLength: true, webauthn:extension:prf: true, webauthn:virtualAuthenticators: true}
Session ID: 60e7daec0e6cf215587ff8f8f24c2555
	at org.openqa.selenium.remote.codec.w3c.W3CHttpResponseCodec.createException(W3CHttpResponseCodec.java:200)
	at org.openqa.selenium.remote.codec.w3c.W3CHttpResponseCodec.decode(W3CHttpResponseCodec.java:133)
	at org.openqa.selenium.remote.codec.w3c.W3CHttpResponseCodec.decode(W3CHttpResponseCodec.java:53)
	at org.openqa.selenium.remote.HttpCommandExecutor.execute(HttpCommandExecutor.java:193)
	at org.openqa.selenium.remote.service.DriverCommandExecutor.invokeExecute(DriverCommandExecutor.java:183)
	at org.openqa.selenium.remote.service.DriverCommandExecutor.execute(DriverCommandExecutor.java:158)
	at org.openqa.selenium.remote.RemoteWebDriver.execute(RemoteWebDriver.java:543)
	at org.openqa.selenium.remote.ElementLocation$ElementFinder$2.findElement(ElementLocation.java:162)
	at org.openqa.selenium.remote.ElementLocation.findElement(ElementLocation.java:60)
	at org.openqa.selenium.remote.RemoteWebDriver.findElement(RemoteWebDriver.java:352)
	at org.openqa.selenium.remote.RemoteWebDriver.findElement(RemoteWebDriver.java:344)
	at SingleCollateralCompletionTestCases.ChargeAndMovementRequestByBM3.ChargeRequestFormFillup(ChargeAndMovementRequestByBM3.java:154)
	at java.base/java.util.ArrayList.forEach(ArrayList.java:1511)
... Removed 28 stack frames</pre></div><a href='#' onClick='toggleBox("stack-trace364702969", this, "Click to show all stack frames", "Click to hide stack frames")'>Click to show all stack frames</a>
<div class='stack-trace' id='stack-trace364702969'><pre>org.openqa.selenium.NoSuchElementException: no such element: Unable to locate element: {&quot;method&quot;:&quot;xpath&quot;,&quot;selector&quot;:&quot;/html/body/div[2]/div/div[1]/div/h1&quot;}
  (Session info: chrome=119.0.6045.124)
For documentation on this error, please visit: https://selenium.dev/exceptions/#no_such_element
Build info: version: &apos;4.9.1&apos;, revision: &apos;eb2032df7f&apos;
System info: os.name: &apos;Windows 10&apos;, os.arch: &apos;amd64&apos;, os.version: &apos;10.0&apos;, java.version: &apos;20.0.1&apos;
Driver info: org.openqa.selenium.chrome.ChromeDriver
Command: [60e7daec0e6cf215587ff8f8f24c2555, findElement {using=xpath, value=/html/body/div[2]/div/div[1]/div/h1}]
Capabilities {acceptInsecureCerts: false, browserName: chrome, browserVersion: 119.0.6045.124, chrome: {chromedriverVersion: 119.0.6045.105 (38c72552c5e..., userDataDir: C:\Users\Lenovo\AppData\Loc...}, fedcm:accounts: true, goog:chromeOptions: {debuggerAddress: localhost:50739}, networkConnectionEnabled: false, pageLoadStrategy: normal, platformName: windows, proxy: Proxy(), se:cdp: ws://localhost:50739/devtoo..., se:cdpVersion: 119.0.6045.124, setWindowRect: true, strictFileInteractability: false, timeouts: {implicit: 0, pageLoad: 300000, script: 30000}, unhandledPromptBehavior: dismiss and notify, webauthn:extension:credBlob: true, webauthn:extension:largeBlob: true, webauthn:extension:minPinLength: true, webauthn:extension:prf: true, webauthn:virtualAuthenticators: true}
Session ID: 60e7daec0e6cf215587ff8f8f24c2555
	at java.base/jdk.internal.reflect.DirectConstructorHandleAccessor.newInstance(DirectConstructorHandleAccessor.java:67)
	at java.base/java.lang.reflect.Constructor.newInstanceWithCaller(Constructor.java:500)
	at java.base/java.lang.reflect.Constructor.newInstance(Constructor.java:484)
	at org.openqa.selenium.remote.codec.w3c.W3CHttpResponseCodec.createException(W3CHttpResponseCodec.java:200)
	at org.openqa.selenium.remote.codec.w3c.W3CHttpResponseCodec.decode(W3CHttpResponseCodec.java:133)
	at org.openqa.selenium.remote.codec.w3c.W3CHttpResponseCodec.decode(W3CHttpResponseCodec.java:53)
	at org.openqa.selenium.remote.HttpCommandExecutor.execute(HttpCommandExecutor.java:193)
	at org.openqa.selenium.remote.service.DriverCommandExecutor.invokeExecute(DriverCommandExecutor.java:183)
	at org.openqa.selenium.remote.service.DriverCommandExecutor.execute(DriverCommandExecutor.java:158)
	at org.openqa.selenium.remote.RemoteWebDriver.execute(RemoteWebDriver.java:543)
	at org.openqa.selenium.remote.ElementLocation$ElementFinder$2.findElement(ElementLocation.java:162)
	at org.openqa.selenium.remote.ElementLocation.findElement(ElementLocation.java:60)
	at org.openqa.selenium.remote.RemoteWebDriver.findElement(RemoteWebDriver.java:352)
	at org.openqa.selenium.remote.RemoteWebDriver.findElement(RemoteWebDriver.java:344)
	at SingleCollateralCompletionTestCases.ChargeAndMovementRequestByBM3.ChargeRequestFormFillup(ChargeAndMovementRequestByBM3.java:154)
	at java.base/jdk.internal.reflect.DirectMethodHandleAccessor.invoke(DirectMethodHandleAccessor.java:104)
	at java.base/java.lang.reflect.Method.invoke(Method.java:578)
	at org.testng.internal.invokers.MethodInvocationHelper.invokeMethod(MethodInvocationHelper.java:139)
	at org.testng.internal.invokers.TestInvoker.invokeMethod(TestInvoker.java:677)
	at org.testng.internal.invokers.TestInvoker.invokeTestMethod(TestInvoker.java:221)
	at org.testng.internal.invokers.MethodRunner.runInSequence(MethodRunner.java:50)
	at org.testng.internal.invokers.TestInvoker$MethodInvocationAgent.invoke(TestInvoker.java:969)
	at org.testng.internal.invokers.TestInvoker.invokeTestMethods(TestInvoker.java:194)
	at org.testng.internal.invokers.TestMethodWorker.invokeTestMethods(TestMethodWorker.java:148)
	at org.testng.internal.invokers.TestMethodWorker.run(TestMethodWorker.java:128)
	at java.base/java.util.ArrayList.forEach(ArrayList.java:1511)
	at org.testng.TestRunner.privateRun(TestRunner.java:829)
	at org.testng.TestRunner.run(TestRunner.java:602)
	at org.testng.SuiteRunner.runTest(SuiteRunner.java:437)
	at org.testng.SuiteRunner.runSequentially(SuiteRunner.java:431)
	at org.testng.SuiteRunner.privateRun(SuiteRunner.java:391)
	at org.testng.SuiteRunner.run(SuiteRunner.java:330)
	at org.testng.SuiteRunnerWorker.runSuite(SuiteRunnerWorker.java:52)
	at org.testng.SuiteRunnerWorker.run(SuiteRunnerWorker.java:95)
	at org.testng.TestNG.runSuitesSequentially(TestNG.java:1256)
	at org.testng.TestNG.runSuitesLocally(TestNG.java:1176)
	at org.testng.TestNG.runSuites(TestNG.java:1099)
	at org.testng.TestNG.run(TestNG.java:1067)
	at org.testng.remote.AbstractRemoteTestNG.run(AbstractRemoteTestNG.java:115)
	at org.testng.remote.RemoteTestNG.initAndRun(RemoteTestNG.java:251)
	at org.testng.remote.RemoteTestNG.main(RemoteTestNG.java:77)
</pre></div></td>
<td>36</td>
<td>SingleCollateralCompletionTestCases.ChargeAndMovementRequestByBM3@4d1c00d0</td></tr>
<tr>
<td title='SingleCollateralCompletionTestCases.ChargeClosureByBM.OwnChargeClosure()'><b>OwnChargeClosure</b><br>Test class: SingleCollateralCompletionTestCases.ChargeClosureByBM</td>
<td><div><pre>org.openqa.selenium.NoSuchElementException: no such element: Unable to locate element: {&quot;method&quot;:&quot;xpath&quot;,&quot;selector&quot;:&quot;/html/body/div[2]/div[1]/span&quot;}
  (Session info: chrome=119.0.6045.124)
For documentation on this error, please visit: https://selenium.dev/exceptions/#no_such_element
Build info: version: &apos;4.9.1&apos;, revision: &apos;eb2032df7f&apos;
System info: os.name: &apos;Windows 10&apos;, os.arch: &apos;amd64&apos;, os.version: &apos;10.0&apos;, java.version: &apos;20.0.1&apos;
Driver info: org.openqa.selenium.chrome.ChromeDriver
Command: [a009230a55663b7c5b52b131655cbab8, findElement {using=xpath, value=/html/body/div[2]/div[1]/span}]
Capabilities {acceptInsecureCerts: false, browserName: chrome, browserVersion: 119.0.6045.124, chrome: {chromedriverVersion: 119.0.6045.105 (38c72552c5e..., userDataDir: C:\Users\Lenovo\AppData\Loc...}, fedcm:accounts: true, goog:chromeOptions: {debuggerAddress: localhost:51009}, networkConnectionEnabled: false, pageLoadStrategy: normal, platformName: windows, proxy: Proxy(), se:cdp: ws://localhost:51009/devtoo..., se:cdpVersion: 119.0.6045.124, setWindowRect: true, strictFileInteractability: false, timeouts: {implicit: 0, pageLoad: 300000, script: 30000}, unhandledPromptBehavior: dismiss and notify, webauthn:extension:credBlob: true, webauthn:extension:largeBlob: true, webauthn:extension:minPinLength: true, webauthn:extension:prf: true, webauthn:virtualAuthenticators: true}
Session ID: a009230a55663b7c5b52b131655cbab8
	at org.openqa.selenium.remote.codec.w3c.W3CHttpResponseCodec.createException(W3CHttpResponseCodec.java:200)
	at org.openqa.selenium.remote.codec.w3c.W3CHttpResponseCodec.decode(W3CHttpResponseCodec.java:133)
	at org.openqa.selenium.remote.codec.w3c.W3CHttpResponseCodec.decode(W3CHttpResponseCodec.java:53)
	at org.openqa.selenium.remote.HttpCommandExecutor.execute(HttpCommandExecutor.java:193)
	at org.openqa.selenium.remote.service.DriverCommandExecutor.invokeExecute(DriverCommandExecutor.java:183)
	at org.openqa.selenium.remote.service.DriverCommandExecutor.execute(DriverCommandExecutor.java:158)
	at org.openqa.selenium.remote.RemoteWebDriver.execute(RemoteWebDriver.java:543)
	at org.openqa.selenium.remote.ElementLocation$ElementFinder$2.findElement(ElementLocation.java:162)
	at org.openqa.selenium.remote.ElementLocation.findElement(ElementLocation.java:60)
	at org.openqa.selenium.remote.RemoteWebDriver.findElement(RemoteWebDriver.java:352)
	at org.openqa.selenium.remote.RemoteWebDriver.findElement(RemoteWebDriver.java:344)
	at SingleCollateralCompletionTestCases.ChargeClosureByBM.OwnChargeClosure(ChargeClosureByBM.java:117)
	at java.base/java.util.ArrayList.forEach(ArrayList.java:1511)
... Removed 28 stack frames</pre></div><a href='#' onClick='toggleBox("stack-trace245128633", this, "Click to show all stack frames", "Click to hide stack frames")'>Click to show all stack frames</a>
<div class='stack-trace' id='stack-trace245128633'><pre>org.openqa.selenium.NoSuchElementException: no such element: Unable to locate element: {&quot;method&quot;:&quot;xpath&quot;,&quot;selector&quot;:&quot;/html/body/div[2]/div[1]/span&quot;}
  (Session info: chrome=119.0.6045.124)
For documentation on this error, please visit: https://selenium.dev/exceptions/#no_such_element
Build info: version: &apos;4.9.1&apos;, revision: &apos;eb2032df7f&apos;
System info: os.name: &apos;Windows 10&apos;, os.arch: &apos;amd64&apos;, os.version: &apos;10.0&apos;, java.version: &apos;20.0.1&apos;
Driver info: org.openqa.selenium.chrome.ChromeDriver
Command: [a009230a55663b7c5b52b131655cbab8, findElement {using=xpath, value=/html/body/div[2]/div[1]/span}]
Capabilities {acceptInsecureCerts: false, browserName: chrome, browserVersion: 119.0.6045.124, chrome: {chromedriverVersion: 119.0.6045.105 (38c72552c5e..., userDataDir: C:\Users\Lenovo\AppData\Loc...}, fedcm:accounts: true, goog:chromeOptions: {debuggerAddress: localhost:51009}, networkConnectionEnabled: false, pageLoadStrategy: normal, platformName: windows, proxy: Proxy(), se:cdp: ws://localhost:51009/devtoo..., se:cdpVersion: 119.0.6045.124, setWindowRect: true, strictFileInteractability: false, timeouts: {implicit: 0, pageLoad: 300000, script: 30000}, unhandledPromptBehavior: dismiss and notify, webauthn:extension:credBlob: true, webauthn:extension:largeBlob: true, webauthn:extension:minPinLength: true, webauthn:extension:prf: true, webauthn:virtualAuthenticators: true}
Session ID: a009230a55663b7c5b52b131655cbab8
	at java.base/jdk.internal.reflect.DirectConstructorHandleAccessor.newInstance(DirectConstructorHandleAccessor.java:67)
	at java.base/java.lang.reflect.Constructor.newInstanceWithCaller(Constructor.java:500)
	at java.base/java.lang.reflect.Constructor.newInstance(Constructor.java:484)
	at org.openqa.selenium.remote.codec.w3c.W3CHttpResponseCodec.createException(W3CHttpResponseCodec.java:200)
	at org.openqa.selenium.remote.codec.w3c.W3CHttpResponseCodec.decode(W3CHttpResponseCodec.java:133)
	at org.openqa.selenium.remote.codec.w3c.W3CHttpResponseCodec.decode(W3CHttpResponseCodec.java:53)
	at org.openqa.selenium.remote.HttpCommandExecutor.execute(HttpCommandExecutor.java:193)
	at org.openqa.selenium.remote.service.DriverCommandExecutor.invokeExecute(DriverCommandExecutor.java:183)
	at org.openqa.selenium.remote.service.DriverCommandExecutor.execute(DriverCommandExecutor.java:158)
	at org.openqa.selenium.remote.RemoteWebDriver.execute(RemoteWebDriver.java:543)
	at org.openqa.selenium.remote.ElementLocation$ElementFinder$2.findElement(ElementLocation.java:162)
	at org.openqa.selenium.remote.ElementLocation.findElement(ElementLocation.java:60)
	at org.openqa.selenium.remote.RemoteWebDriver.findElement(RemoteWebDriver.java:352)
	at org.openqa.selenium.remote.RemoteWebDriver.findElement(RemoteWebDriver.java:344)
	at SingleCollateralCompletionTestCases.ChargeClosureByBM.OwnChargeClosure(ChargeClosureByBM.java:117)
	at java.base/jdk.internal.reflect.DirectMethodHandleAccessor.invoke(DirectMethodHandleAccessor.java:104)
	at java.base/java.lang.reflect.Method.invoke(Method.java:578)
	at org.testng.internal.invokers.MethodInvocationHelper.invokeMethod(MethodInvocationHelper.java:139)
	at org.testng.internal.invokers.TestInvoker.invokeMethod(TestInvoker.java:677)
	at org.testng.internal.invokers.TestInvoker.invokeTestMethod(TestInvoker.java:221)
	at org.testng.internal.invokers.MethodRunner.runInSequence(MethodRunner.java:50)
	at org.testng.internal.invokers.TestInvoker$MethodInvocationAgent.invoke(TestInvoker.java:969)
	at org.testng.internal.invokers.TestInvoker.invokeTestMethods(TestInvoker.java:194)
	at org.testng.internal.invokers.TestMethodWorker.invokeTestMethods(TestMethodWorker.java:148)
	at org.testng.internal.invokers.TestMethodWorker.run(TestMethodWorker.java:128)
	at java.base/java.util.ArrayList.forEach(ArrayList.java:1511)
	at org.testng.TestRunner.privateRun(TestRunner.java:829)
	at org.testng.TestRunner.run(TestRunner.java:602)
	at org.testng.SuiteRunner.runTest(SuiteRunner.java:437)
	at org.testng.SuiteRunner.runSequentially(SuiteRunner.java:431)
	at org.testng.SuiteRunner.privateRun(SuiteRunner.java:391)
	at org.testng.SuiteRunner.run(SuiteRunner.java:330)
	at org.testng.SuiteRunnerWorker.runSuite(SuiteRunnerWorker.java:52)
	at org.testng.SuiteRunnerWorker.run(SuiteRunnerWorker.java:95)
	at org.testng.TestNG.runSuitesSequentially(TestNG.java:1256)
	at org.testng.TestNG.runSuitesLocally(TestNG.java:1176)
	at org.testng.TestNG.runSuites(TestNG.java:1099)
	at org.testng.TestNG.run(TestNG.java:1067)
	at org.testng.remote.AbstractRemoteTestNG.run(AbstractRemoteTestNG.java:115)
	at org.testng.remote.RemoteTestNG.initAndRun(RemoteTestNG.java:251)
	at org.testng.remote.RemoteTestNG.main(RemoteTestNG.java:77)
</pre></div></td>
<td>30</td>
<td>SingleCollateralCompletionTestCases.ChargeClosureByBM@2cd76f31</td></tr>
<tr>
<td title='SingleCollateralCompletionTestCases.RequestMovementCompletionByFO2.TrackOngoingTrip()'><b>TrackOngoingTrip</b><br>Test class: SingleCollateralCompletionTestCases.RequestMovementCompletionByFO2</td>
<td><div><pre>org.openqa.selenium.NoSuchElementException: no such element: Unable to locate element: {&quot;method&quot;:&quot;xpath&quot;,&quot;selector&quot;:&quot;/html/body/div[2]/div[5]/div[2]/div&quot;}
  (Session info: chrome=119.0.6045.124)
For documentation on this error, please visit: https://selenium.dev/exceptions/#no_such_element
Build info: version: &apos;4.9.1&apos;, revision: &apos;eb2032df7f&apos;
System info: os.name: &apos;Windows 10&apos;, os.arch: &apos;amd64&apos;, os.version: &apos;10.0&apos;, java.version: &apos;20.0.1&apos;
Driver info: org.openqa.selenium.chrome.ChromeDriver
Command: [af06b83c56bc04093f04b92729efc99f, findElement {using=xpath, value=/html/body/div[2]/div[5]/div[2]/div}]
Capabilities {acceptInsecureCerts: false, browserName: chrome, browserVersion: 119.0.6045.124, chrome: {chromedriverVersion: 119.0.6045.105 (38c72552c5e..., userDataDir: C:\Users\Lenovo\AppData\Loc...}, fedcm:accounts: true, goog:chromeOptions: {debuggerAddress: localhost:50766}, networkConnectionEnabled: false, pageLoadStrategy: normal, platformName: windows, proxy: Proxy(), se:cdp: ws://localhost:50766/devtoo..., se:cdpVersion: 119.0.6045.124, setWindowRect: true, strictFileInteractability: false, timeouts: {implicit: 0, pageLoad: 300000, script: 30000}, unhandledPromptBehavior: dismiss and notify, webauthn:extension:credBlob: true, webauthn:extension:largeBlob: true, webauthn:extension:minPinLength: true, webauthn:extension:prf: true, webauthn:virtualAuthenticators: true}
Session ID: af06b83c56bc04093f04b92729efc99f
	at org.openqa.selenium.remote.codec.w3c.W3CHttpResponseCodec.createException(W3CHttpResponseCodec.java:200)
	at org.openqa.selenium.remote.codec.w3c.W3CHttpResponseCodec.decode(W3CHttpResponseCodec.java:133)
	at org.openqa.selenium.remote.codec.w3c.W3CHttpResponseCodec.decode(W3CHttpResponseCodec.java:53)
	at org.openqa.selenium.remote.HttpCommandExecutor.execute(HttpCommandExecutor.java:193)
	at org.openqa.selenium.remote.service.DriverCommandExecutor.invokeExecute(DriverCommandExecutor.java:183)
	at org.openqa.selenium.remote.service.DriverCommandExecutor.execute(DriverCommandExecutor.java:158)
	at org.openqa.selenium.remote.RemoteWebDriver.execute(RemoteWebDriver.java:543)
	at org.openqa.selenium.remote.ElementLocation$ElementFinder$2.findElement(ElementLocation.java:162)
	at org.openqa.selenium.remote.ElementLocation.findElement(ElementLocation.java:60)
	at org.openqa.selenium.remote.RemoteWebDriver.findElement(RemoteWebDriver.java:352)
	at org.openqa.selenium.remote.RemoteWebDriver.findElement(RemoteWebDriver.java:344)
	at SingleCollateralCompletionTestCases.RequestMovementCompletionByFO2.TrackOngoingTrip(RequestMovementCompletionByFO2.java:78)
	at java.base/java.util.ArrayList.forEach(ArrayList.java:1511)
... Removed 28 stack frames</pre></div><a href='#' onClick='toggleBox("stack-trace1653271137", this, "Click to show all stack frames", "Click to hide stack frames")'>Click to show all stack frames</a>
<div class='stack-trace' id='stack-trace1653271137'><pre>org.openqa.selenium.NoSuchElementException: no such element: Unable to locate element: {&quot;method&quot;:&quot;xpath&quot;,&quot;selector&quot;:&quot;/html/body/div[2]/div[5]/div[2]/div&quot;}
  (Session info: chrome=119.0.6045.124)
For documentation on this error, please visit: https://selenium.dev/exceptions/#no_such_element
Build info: version: &apos;4.9.1&apos;, revision: &apos;eb2032df7f&apos;
System info: os.name: &apos;Windows 10&apos;, os.arch: &apos;amd64&apos;, os.version: &apos;10.0&apos;, java.version: &apos;20.0.1&apos;
Driver info: org.openqa.selenium.chrome.ChromeDriver
Command: [af06b83c56bc04093f04b92729efc99f, findElement {using=xpath, value=/html/body/div[2]/div[5]/div[2]/div}]
Capabilities {acceptInsecureCerts: false, browserName: chrome, browserVersion: 119.0.6045.124, chrome: {chromedriverVersion: 119.0.6045.105 (38c72552c5e..., userDataDir: C:\Users\Lenovo\AppData\Loc...}, fedcm:accounts: true, goog:chromeOptions: {debuggerAddress: localhost:50766}, networkConnectionEnabled: false, pageLoadStrategy: normal, platformName: windows, proxy: Proxy(), se:cdp: ws://localhost:50766/devtoo..., se:cdpVersion: 119.0.6045.124, setWindowRect: true, strictFileInteractability: false, timeouts: {implicit: 0, pageLoad: 300000, script: 30000}, unhandledPromptBehavior: dismiss and notify, webauthn:extension:credBlob: true, webauthn:extension:largeBlob: true, webauthn:extension:minPinLength: true, webauthn:extension:prf: true, webauthn:virtualAuthenticators: true}
Session ID: af06b83c56bc04093f04b92729efc99f
	at java.base/jdk.internal.reflect.DirectConstructorHandleAccessor.newInstance(DirectConstructorHandleAccessor.java:67)
	at java.base/java.lang.reflect.Constructor.newInstanceWithCaller(Constructor.java:500)
	at java.base/java.lang.reflect.Constructor.newInstance(Constructor.java:484)
	at org.openqa.selenium.remote.codec.w3c.W3CHttpResponseCodec.createException(W3CHttpResponseCodec.java:200)
	at org.openqa.selenium.remote.codec.w3c.W3CHttpResponseCodec.decode(W3CHttpResponseCodec.java:133)
	at org.openqa.selenium.remote.codec.w3c.W3CHttpResponseCodec.decode(W3CHttpResponseCodec.java:53)
	at org.openqa.selenium.remote.HttpCommandExecutor.execute(HttpCommandExecutor.java:193)
	at org.openqa.selenium.remote.service.DriverCommandExecutor.invokeExecute(DriverCommandExecutor.java:183)
	at org.openqa.selenium.remote.service.DriverCommandExecutor.execute(DriverCommandExecutor.java:158)
	at org.openqa.selenium.remote.RemoteWebDriver.execute(RemoteWebDriver.java:543)
	at org.openqa.selenium.remote.ElementLocation$ElementFinder$2.findElement(ElementLocation.java:162)
	at org.openqa.selenium.remote.ElementLocation.findElement(ElementLocation.java:60)
	at org.openqa.selenium.remote.RemoteWebDriver.findElement(RemoteWebDriver.java:352)
	at org.openqa.selenium.remote.RemoteWebDriver.findElement(RemoteWebDriver.java:344)
	at SingleCollateralCompletionTestCases.RequestMovementCompletionByFO2.TrackOngoingTrip(RequestMovementCompletionByFO2.java:78)
	at java.base/jdk.internal.reflect.DirectMethodHandleAccessor.invoke(DirectMethodHandleAccessor.java:104)
	at java.base/java.lang.reflect.Method.invoke(Method.java:578)
	at org.testng.internal.invokers.MethodInvocationHelper.invokeMethod(MethodInvocationHelper.java:139)
	at org.testng.internal.invokers.TestInvoker.invokeMethod(TestInvoker.java:677)
	at org.testng.internal.invokers.TestInvoker.invokeTestMethod(TestInvoker.java:221)
	at org.testng.internal.invokers.MethodRunner.runInSequence(MethodRunner.java:50)
	at org.testng.internal.invokers.TestInvoker$MethodInvocationAgent.invoke(TestInvoker.java:969)
	at org.testng.internal.invokers.TestInvoker.invokeTestMethods(TestInvoker.java:194)
	at org.testng.internal.invokers.TestMethodWorker.invokeTestMethods(TestMethodWorker.java:148)
	at org.testng.internal.invokers.TestMethodWorker.run(TestMethodWorker.java:128)
	at java.base/java.util.ArrayList.forEach(ArrayList.java:1511)
	at org.testng.TestRunner.privateRun(TestRunner.java:829)
	at org.testng.TestRunner.run(TestRunner.java:602)
	at org.testng.SuiteRunner.runTest(SuiteRunner.java:437)
	at org.testng.SuiteRunner.runSequentially(SuiteRunner.java:431)
	at org.testng.SuiteRunner.privateRun(SuiteRunner.java:391)
	at org.testng.SuiteRunner.run(SuiteRunner.java:330)
	at org.testng.SuiteRunnerWorker.runSuite(SuiteRunnerWorker.java:52)
	at org.testng.SuiteRunnerWorker.run(SuiteRunnerWorker.java:95)
	at org.testng.TestNG.runSuitesSequentially(TestNG.java:1256)
	at org.testng.TestNG.runSuitesLocally(TestNG.java:1176)
	at org.testng.TestNG.runSuites(TestNG.java:1099)
	at org.testng.TestNG.run(TestNG.java:1067)
	at org.testng.remote.AbstractRemoteTestNG.run(AbstractRemoteTestNG.java:115)
	at org.testng.remote.RemoteTestNG.initAndRun(RemoteTestNG.java:251)
	at org.testng.remote.RemoteTestNG.main(RemoteTestNG.java:77)
</pre></div></td>
<td>17</td>
<td>SingleCollateralCompletionTestCases.RequestMovementCompletionByFO2@4b2bac3f</td></tr>
<tr>
<td title='SingleCollateralCompletionTestCases.RequestMovementInprogressAbandonByFO.TrackOngoingTrip()'><b>TrackOngoingTrip</b><br>Test class: SingleCollateralCompletionTestCases.RequestMovementInprogressAbandonByFO</td>
<td><div><pre>org.openqa.selenium.ElementClickInterceptedException: element click intercepted: Element &lt;select ng-model=&quot;abandon.field.reason.value&quot; class=&quot;ng-pristine ng-untouched ng-valid ng-empty&quot;&gt;...&lt;/select&gt; is not clickable at point (683, 370). Other element would receive the click: &lt;div class=&quot;form-field &quot;&gt;...&lt;/div&gt;
  (Session info: chrome=119.0.6045.124)
Build info: version: &apos;4.9.1&apos;, revision: &apos;eb2032df7f&apos;
System info: os.name: &apos;Windows 10&apos;, os.arch: &apos;amd64&apos;, os.version: &apos;10.0&apos;, java.version: &apos;20.0.1&apos;
Driver info: org.openqa.selenium.chrome.ChromeDriver
Command: [a1c9e1d2fd77a721a31abe2dfb721ae1, clickElement {id=3D6586A5C17D7EA291E44E6466B01D3A_element_1234}]
Capabilities {acceptInsecureCerts: false, browserName: chrome, browserVersion: 119.0.6045.124, chrome: {chromedriverVersion: 119.0.6045.105 (38c72552c5e..., userDataDir: C:\Users\Lenovo\AppData\Loc...}, fedcm:accounts: true, goog:chromeOptions: {debuggerAddress: localhost:50648}, networkConnectionEnabled: false, pageLoadStrategy: normal, platformName: windows, proxy: Proxy(), se:cdp: ws://localhost:50648/devtoo..., se:cdpVersion: 119.0.6045.124, setWindowRect: true, strictFileInteractability: false, timeouts: {implicit: 0, pageLoad: 300000, script: 30000}, unhandledPromptBehavior: dismiss and notify, webauthn:extension:credBlob: true, webauthn:extension:largeBlob: true, webauthn:extension:minPinLength: true, webauthn:extension:prf: true, webauthn:virtualAuthenticators: true}
Element: [[ChromeDriver: chrome on windows (a1c9e1d2fd77a721a31abe2dfb721ae1)] -&gt; css selector: [ng-model=&apos;abandon.field.reason.value&apos;]]
Session ID: a1c9e1d2fd77a721a31abe2dfb721ae1
	at org.openqa.selenium.remote.codec.w3c.W3CHttpResponseCodec.createException(W3CHttpResponseCodec.java:200)
	at org.openqa.selenium.remote.codec.w3c.W3CHttpResponseCodec.decode(W3CHttpResponseCodec.java:133)
	at org.openqa.selenium.remote.codec.w3c.W3CHttpResponseCodec.decode(W3CHttpResponseCodec.java:53)
	at org.openqa.selenium.remote.HttpCommandExecutor.execute(HttpCommandExecutor.java:193)
	at org.openqa.selenium.remote.service.DriverCommandExecutor.invokeExecute(DriverCommandExecutor.java:183)
	at org.openqa.selenium.remote.service.DriverCommandExecutor.execute(DriverCommandExecutor.java:158)
	at org.openqa.selenium.remote.RemoteWebDriver.execute(RemoteWebDriver.java:543)
	at org.openqa.selenium.remote.RemoteWebElement.execute(RemoteWebElement.java:257)
	at org.openqa.selenium.remote.RemoteWebElement.click(RemoteWebElement.java:78)
	at SingleCollateralCompletionTestCases.RequestMovementInprogressAbandonByFO.TrackOngoingTrip(RequestMovementInprogressAbandonByFO.java:81)
	at java.base/java.util.ArrayList.forEach(ArrayList.java:1511)
... Removed 28 stack frames</pre></div><a href='#' onClick='toggleBox("stack-trace322033405", this, "Click to show all stack frames", "Click to hide stack frames")'>Click to show all stack frames</a>
<div class='stack-trace' id='stack-trace322033405'><pre>org.openqa.selenium.ElementClickInterceptedException: element click intercepted: Element &lt;select ng-model=&quot;abandon.field.reason.value&quot; class=&quot;ng-pristine ng-untouched ng-valid ng-empty&quot;&gt;...&lt;/select&gt; is not clickable at point (683, 370). Other element would receive the click: &lt;div class=&quot;form-field &quot;&gt;...&lt;/div&gt;
  (Session info: chrome=119.0.6045.124)
Build info: version: &apos;4.9.1&apos;, revision: &apos;eb2032df7f&apos;
System info: os.name: &apos;Windows 10&apos;, os.arch: &apos;amd64&apos;, os.version: &apos;10.0&apos;, java.version: &apos;20.0.1&apos;
Driver info: org.openqa.selenium.chrome.ChromeDriver
Command: [a1c9e1d2fd77a721a31abe2dfb721ae1, clickElement {id=3D6586A5C17D7EA291E44E6466B01D3A_element_1234}]
Capabilities {acceptInsecureCerts: false, browserName: chrome, browserVersion: 119.0.6045.124, chrome: {chromedriverVersion: 119.0.6045.105 (38c72552c5e..., userDataDir: C:\Users\Lenovo\AppData\Loc...}, fedcm:accounts: true, goog:chromeOptions: {debuggerAddress: localhost:50648}, networkConnectionEnabled: false, pageLoadStrategy: normal, platformName: windows, proxy: Proxy(), se:cdp: ws://localhost:50648/devtoo..., se:cdpVersion: 119.0.6045.124, setWindowRect: true, strictFileInteractability: false, timeouts: {implicit: 0, pageLoad: 300000, script: 30000}, unhandledPromptBehavior: dismiss and notify, webauthn:extension:credBlob: true, webauthn:extension:largeBlob: true, webauthn:extension:minPinLength: true, webauthn:extension:prf: true, webauthn:virtualAuthenticators: true}
Element: [[ChromeDriver: chrome on windows (a1c9e1d2fd77a721a31abe2dfb721ae1)] -&gt; css selector: [ng-model=&apos;abandon.field.reason.value&apos;]]
Session ID: a1c9e1d2fd77a721a31abe2dfb721ae1
	at java.base/jdk.internal.reflect.DirectConstructorHandleAccessor.newInstance(DirectConstructorHandleAccessor.java:67)
	at java.base/java.lang.reflect.Constructor.newInstanceWithCaller(Constructor.java:500)
	at java.base/java.lang.reflect.Constructor.newInstance(Constructor.java:484)
	at org.openqa.selenium.remote.codec.w3c.W3CHttpResponseCodec.createException(W3CHttpResponseCodec.java:200)
	at org.openqa.selenium.remote.codec.w3c.W3CHttpResponseCodec.decode(W3CHttpResponseCodec.java:133)
	at org.openqa.selenium.remote.codec.w3c.W3CHttpResponseCodec.decode(W3CHttpResponseCodec.java:53)
	at org.openqa.selenium.remote.HttpCommandExecutor.execute(HttpCommandExecutor.java:193)
	at org.openqa.selenium.remote.service.DriverCommandExecutor.invokeExecute(DriverCommandExecutor.java:183)
	at org.openqa.selenium.remote.service.DriverCommandExecutor.execute(DriverCommandExecutor.java:158)
	at org.openqa.selenium.remote.RemoteWebDriver.execute(RemoteWebDriver.java:543)
	at org.openqa.selenium.remote.RemoteWebElement.execute(RemoteWebElement.java:257)
	at org.openqa.selenium.remote.RemoteWebElement.click(RemoteWebElement.java:78)
	at SingleCollateralCompletionTestCases.RequestMovementInprogressAbandonByFO.TrackOngoingTrip(RequestMovementInprogressAbandonByFO.java:81)
	at java.base/jdk.internal.reflect.DirectMethodHandleAccessor.invoke(DirectMethodHandleAccessor.java:104)
	at java.base/java.lang.reflect.Method.invoke(Method.java:578)
	at org.testng.internal.invokers.MethodInvocationHelper.invokeMethod(MethodInvocationHelper.java:139)
	at org.testng.internal.invokers.TestInvoker.invokeMethod(TestInvoker.java:677)
	at org.testng.internal.invokers.TestInvoker.invokeTestMethod(TestInvoker.java:221)
	at org.testng.internal.invokers.MethodRunner.runInSequence(MethodRunner.java:50)
	at org.testng.internal.invokers.TestInvoker$MethodInvocationAgent.invoke(TestInvoker.java:969)
	at org.testng.internal.invokers.TestInvoker.invokeTestMethods(TestInvoker.java:194)
	at org.testng.internal.invokers.TestMethodWorker.invokeTestMethods(TestMethodWorker.java:148)
	at org.testng.internal.invokers.TestMethodWorker.run(TestMethodWorker.java:128)
	at java.base/java.util.ArrayList.forEach(ArrayList.java:1511)
	at org.testng.TestRunner.privateRun(TestRunner.java:829)
	at org.testng.TestRunner.run(TestRunner.java:602)
	at org.testng.SuiteRunner.runTest(SuiteRunner.java:437)
	at org.testng.SuiteRunner.runSequentially(SuiteRunner.java:431)
	at org.testng.SuiteRunner.privateRun(SuiteRunner.java:391)
	at org.testng.SuiteRunner.run(SuiteRunner.java:330)
	at org.testng.SuiteRunnerWorker.runSuite(SuiteRunnerWorker.java:52)
	at org.testng.SuiteRunnerWorker.run(SuiteRunnerWorker.java:95)
	at org.testng.TestNG.runSuitesSequentially(TestNG.java:1256)
	at org.testng.TestNG.runSuitesLocally(TestNG.java:1176)
	at org.testng.TestNG.runSuites(TestNG.java:1099)
	at org.testng.TestNG.run(TestNG.java:1067)
	at org.testng.remote.AbstractRemoteTestNG.run(AbstractRemoteTestNG.java:115)
	at org.testng.remote.RemoteTestNG.initAndRun(RemoteTestNG.java:251)
	at org.testng.remote.RemoteTestNG.main(RemoteTestNG.java:77)
</pre></div></td>
<td>11</td>
<td>SingleCollateralCompletionTestCases.RequestMovementInprogressAbandonByFO@3bf7ca37</td></tr>
<tr>
<td title='SingleCollateralCompletionTestCases.DraftCollateralSubmission.SubmitCollateral()'><b>SubmitCollateral</b><br>Test class: SingleCollateralCompletionTestCases.DraftCollateralSubmission</td>
<td><div><pre>org.openqa.selenium.NoSuchElementException: no such element: Unable to locate element: {&quot;method&quot;:&quot;xpath&quot;,&quot;selector&quot;:&quot;/html[1]/body[1]/div[2]/div[5]/div[1]/div[1]/div[2]/div[1]&quot;}
  (Session info: chrome=119.0.6045.124)
For documentation on this error, please visit: https://selenium.dev/exceptions/#no_such_element
Build info: version: &apos;4.9.1&apos;, revision: &apos;eb2032df7f&apos;
System info: os.name: &apos;Windows 10&apos;, os.arch: &apos;amd64&apos;, os.version: &apos;10.0&apos;, java.version: &apos;20.0.1&apos;
Driver info: org.openqa.selenium.chrome.ChromeDriver
Command: [fab737053091d42c2ecc830c1b276b11, findElement {using=xpath, value=/html[1]/body[1]/div[2]/div[5]/div[1]/div[1]/div[2]/div[1]}]
Capabilities {acceptInsecureCerts: false, browserName: chrome, browserVersion: 119.0.6045.124, chrome: {chromedriverVersion: 119.0.6045.105 (38c72552c5e..., userDataDir: C:\Users\Lenovo\AppData\Loc...}, fedcm:accounts: true, goog:chromeOptions: {debuggerAddress: localhost:50196}, networkConnectionEnabled: false, pageLoadStrategy: normal, platformName: windows, proxy: Proxy(), se:cdp: ws://localhost:50196/devtoo..., se:cdpVersion: 119.0.6045.124, setWindowRect: true, strictFileInteractability: false, timeouts: {implicit: 0, pageLoad: 300000, script: 30000}, unhandledPromptBehavior: dismiss and notify, webauthn:extension:credBlob: true, webauthn:extension:largeBlob: true, webauthn:extension:minPinLength: true, webauthn:extension:prf: true, webauthn:virtualAuthenticators: true}
Session ID: fab737053091d42c2ecc830c1b276b11
	at org.openqa.selenium.remote.codec.w3c.W3CHttpResponseCodec.createException(W3CHttpResponseCodec.java:200)
	at org.openqa.selenium.remote.codec.w3c.W3CHttpResponseCodec.decode(W3CHttpResponseCodec.java:133)
	at org.openqa.selenium.remote.codec.w3c.W3CHttpResponseCodec.decode(W3CHttpResponseCodec.java:53)
	at org.openqa.selenium.remote.HttpCommandExecutor.execute(HttpCommandExecutor.java:193)
	at org.openqa.selenium.remote.service.DriverCommandExecutor.invokeExecute(DriverCommandExecutor.java:183)
	at org.openqa.selenium.remote.service.DriverCommandExecutor.execute(DriverCommandExecutor.java:158)
	at org.openqa.selenium.remote.RemoteWebDriver.execute(RemoteWebDriver.java:543)
	at org.openqa.selenium.remote.ElementLocation$ElementFinder$2.findElement(ElementLocation.java:162)
	at org.openqa.selenium.remote.ElementLocation.findElement(ElementLocation.java:60)
	at org.openqa.selenium.remote.RemoteWebDriver.findElement(RemoteWebDriver.java:352)
	at org.openqa.selenium.remote.RemoteWebDriver.findElement(RemoteWebDriver.java:344)
	at SingleCollateralCompletionTestCases.DraftCollateralSubmission.SubmitCollateral(DraftCollateralSubmission.java:251)
	at java.base/java.util.ArrayList.forEach(ArrayList.java:1511)
... Removed 28 stack frames</pre></div><a href='#' onClick='toggleBox("stack-trace1160112616", this, "Click to show all stack frames", "Click to hide stack frames")'>Click to show all stack frames</a>
<div class='stack-trace' id='stack-trace1160112616'><pre>org.openqa.selenium.NoSuchElementException: no such element: Unable to locate element: {&quot;method&quot;:&quot;xpath&quot;,&quot;selector&quot;:&quot;/html[1]/body[1]/div[2]/div[5]/div[1]/div[1]/div[2]/div[1]&quot;}
  (Session info: chrome=119.0.6045.124)
For documentation on this error, please visit: https://selenium.dev/exceptions/#no_such_element
Build info: version: &apos;4.9.1&apos;, revision: &apos;eb2032df7f&apos;
System info: os.name: &apos;Windows 10&apos;, os.arch: &apos;amd64&apos;, os.version: &apos;10.0&apos;, java.version: &apos;20.0.1&apos;
Driver info: org.openqa.selenium.chrome.ChromeDriver
Command: [fab737053091d42c2ecc830c1b276b11, findElement {using=xpath, value=/html[1]/body[1]/div[2]/div[5]/div[1]/div[1]/div[2]/div[1]}]
Capabilities {acceptInsecureCerts: false, browserName: chrome, browserVersion: 119.0.6045.124, chrome: {chromedriverVersion: 119.0.6045.105 (38c72552c5e..., userDataDir: C:\Users\Lenovo\AppData\Loc...}, fedcm:accounts: true, goog:chromeOptions: {debuggerAddress: localhost:50196}, networkConnectionEnabled: false, pageLoadStrategy: normal, platformName: windows, proxy: Proxy(), se:cdp: ws://localhost:50196/devtoo..., se:cdpVersion: 119.0.6045.124, setWindowRect: true, strictFileInteractability: false, timeouts: {implicit: 0, pageLoad: 300000, script: 30000}, unhandledPromptBehavior: dismiss and notify, webauthn:extension:credBlob: true, webauthn:extension:largeBlob: true, webauthn:extension:minPinLength: true, webauthn:extension:prf: true, webauthn:virtualAuthenticators: true}
Session ID: fab737053091d42c2ecc830c1b276b11
	at java.base/jdk.internal.reflect.DirectConstructorHandleAccessor.newInstance(DirectConstructorHandleAccessor.java:67)
	at java.base/java.lang.reflect.Constructor.newInstanceWithCaller(Constructor.java:500)
	at java.base/java.lang.reflect.Constructor.newInstance(Constructor.java:484)
	at org.openqa.selenium.remote.codec.w3c.W3CHttpResponseCodec.createException(W3CHttpResponseCodec.java:200)
	at org.openqa.selenium.remote.codec.w3c.W3CHttpResponseCodec.decode(W3CHttpResponseCodec.java:133)
	at org.openqa.selenium.remote.codec.w3c.W3CHttpResponseCodec.decode(W3CHttpResponseCodec.java:53)
	at org.openqa.selenium.remote.HttpCommandExecutor.execute(HttpCommandExecutor.java:193)
	at org.openqa.selenium.remote.service.DriverCommandExecutor.invokeExecute(DriverCommandExecutor.java:183)
	at org.openqa.selenium.remote.service.DriverCommandExecutor.execute(DriverCommandExecutor.java:158)
	at org.openqa.selenium.remote.RemoteWebDriver.execute(RemoteWebDriver.java:543)
	at org.openqa.selenium.remote.ElementLocation$ElementFinder$2.findElement(ElementLocation.java:162)
	at org.openqa.selenium.remote.ElementLocation.findElement(ElementLocation.java:60)
	at org.openqa.selenium.remote.RemoteWebDriver.findElement(RemoteWebDriver.java:352)
	at org.openqa.selenium.remote.RemoteWebDriver.findElement(RemoteWebDriver.java:344)
	at SingleCollateralCompletionTestCases.DraftCollateralSubmission.SubmitCollateral(DraftCollateralSubmission.java:251)
	at java.base/jdk.internal.reflect.DirectMethodHandleAccessor.invoke(DirectMethodHandleAccessor.java:104)
	at java.base/java.lang.reflect.Method.invoke(Method.java:578)
	at org.testng.internal.invokers.MethodInvocationHelper.invokeMethod(MethodInvocationHelper.java:139)
	at org.testng.internal.invokers.TestInvoker.invokeMethod(TestInvoker.java:677)
	at org.testng.internal.invokers.TestInvoker.invokeTestMethod(TestInvoker.java:221)
	at org.testng.internal.invokers.MethodRunner.runInSequence(MethodRunner.java:50)
	at org.testng.internal.invokers.TestInvoker$MethodInvocationAgent.invoke(TestInvoker.java:969)
	at org.testng.internal.invokers.TestInvoker.invokeTestMethods(TestInvoker.java:194)
	at org.testng.internal.invokers.TestMethodWorker.invokeTestMethods(TestMethodWorker.java:148)
	at org.testng.internal.invokers.TestMethodWorker.run(TestMethodWorker.java:128)
	at java.base/java.util.ArrayList.forEach(ArrayList.java:1511)
	at org.testng.TestRunner.privateRun(TestRunner.java:829)
	at org.testng.TestRunner.run(TestRunner.java:602)
	at org.testng.SuiteRunner.runTest(SuiteRunner.java:437)
	at org.testng.SuiteRunner.runSequentially(SuiteRunner.java:431)
	at org.testng.SuiteRunner.privateRun(SuiteRunner.java:391)
	at org.testng.SuiteRunner.run(SuiteRunner.java:330)
	at org.testng.SuiteRunnerWorker.runSuite(SuiteRunnerWorker.java:52)
	at org.testng.SuiteRunnerWorker.run(SuiteRunnerWorker.java:95)
	at org.testng.TestNG.runSuitesSequentially(TestNG.java:1256)
	at org.testng.TestNG.runSuitesLocally(TestNG.java:1176)
	at org.testng.TestNG.runSuites(TestNG.java:1099)
	at org.testng.TestNG.run(TestNG.java:1067)
	at org.testng.remote.AbstractRemoteTestNG.run(AbstractRemoteTestNG.java:115)
	at org.testng.remote.RemoteTestNG.initAndRun(RemoteTestNG.java:251)
	at org.testng.remote.RemoteTestNG.main(RemoteTestNG.java:77)
</pre></div></td>
<td>15</td>
<td>SingleCollateralCompletionTestCases.DraftCollateralSubmission@7eac9008</td></tr>
</table><p>
<table width='100%' border='1' class='invocation-passed'>
<tr><td colspan='4' align='center'><b>PASSED TESTS</b></td></tr>
<tr><td><b>Test method</b></td>
<td><b>Attribute(s)</b></td>
<td width="30%"><b>Exception</b></td>
<td width="10%"><b>Time (seconds)</b></td>
<td><b>Instance</b></td>
</tr>
<tr>
<td title='SingleCollateralCompletionTestCases.ChargeAndMovementRequestByBM1.CloseBrowser()'><b>CloseBrowser</b><br>Test class: SingleCollateralCompletionTestCases.ChargeAndMovementRequestByBM1</td>
<td></td>
<td>0</td>
<td>SingleCollateralCompletionTestCases.ChargeAndMovementRequestByBM1@15de0b3c</td></tr>
<tr>
<td title='SingleCollateralCompletionTestCases.ChargeAndMovementRequestByBM3.CloseBrowser()'><b>CloseBrowser</b><br>Test class: SingleCollateralCompletionTestCases.ChargeAndMovementRequestByBM3</td>
<td></td>
<td>0</td>
<td>SingleCollateralCompletionTestCases.ChargeAndMovementRequestByBM3@4d1c00d0</td></tr>
<tr>
<td title='SingleCollateralCompletionTestCases.ReleaseMovementComplete.StartTrip()'><b>StartTrip</b><br>Test class: SingleCollateralCompletionTestCases.ReleaseMovementComplete</td>
<td></td>
<td>16</td>
<td>SingleCollateralCompletionTestCases.ReleaseMovementComplete@40005471</td></tr>
<tr>
<td title='SingleCollateralCompletionTestCases.RequestChargeConfirmationByFO.Browser()'><b>Browser</b><br>Test class: SingleCollateralCompletionTestCases.RequestChargeConfirmationByFO</td>
<td></td>
<td>1</td>
<td>SingleCollateralCompletionTestCases.RequestChargeConfirmationByFO@4e08711f</td></tr>
<tr>
<td title='SingleCollateralCompletionTestCases.RequestMovementCompletionByFO2.Browser()'><b>Browser</b><br>Test class: SingleCollateralCompletionTestCases.RequestMovementCompletionByFO2</td>
<td></td>
<td>1</td>
<td>SingleCollateralCompletionTestCases.RequestMovementCompletionByFO2@4b2bac3f</td></tr>
<tr>
<td title='SingleCollateralCompletionTestCases.RequestMovementInprogressAbandonByFO.CloseBrowser()'><b>CloseBrowser</b><br>Test class: SingleCollateralCompletionTestCases.RequestMovementInprogressAbandonByFO</td>
<td></td>
<td>0</td>
<td>SingleCollateralCompletionTestCases.RequestMovementInprogressAbandonByFO@3bf7ca37</td></tr>
<tr>
<td title='SingleCollateralCompletionTestCases.ChargeAndMovementRequestByBM3.SearchCollateral()'><b>SearchCollateral</b><br>Test class: SingleCollateralCompletionTestCases.ChargeAndMovementRequestByBM3</td>
<td></td>
<td>12</td>
<td>SingleCollateralCompletionTestCases.ChargeAndMovementRequestByBM3@4d1c00d0</td></tr>
<tr>
<td title='SingleCollateralCompletionTestCases.ChargeAndMovementRequestByBM1.Browser()'><b>Browser</b><br>Test class: SingleCollateralCompletionTestCases.ChargeAndMovementRequestByBM1</td>
<td></td>
<td>1</td>
<td>SingleCollateralCompletionTestCases.ChargeAndMovementRequestByBM1@15de0b3c</td></tr>
<tr>
<td title='SingleCollateralCompletionTestCases.RequestChargeConfirmationByFO.ChargeFormOpen()'><b>ChargeFormOpen</b><br>Test class: SingleCollateralCompletionTestCases.RequestChargeConfirmationByFO</td>
<td></td>
<td>30</td>
<td>SingleCollateralCompletionTestCases.RequestChargeConfirmationByFO@4e08711f</td></tr>
<tr>
<td title='SingleCollateralCompletionTestCases.ResubmitRejectedCollateral.GotoCollateral()'><b>GotoCollateral</b><br>Test class: SingleCollateralCompletionTestCases.ResubmitRejectedCollateral</td>
<td></td>
<td>11</td>
<td>SingleCollateralCompletionTestCases.ResubmitRejectedCollateral@62ddbd7e</td></tr>
<tr>
<td title='SingleCollateralCompletionTestCases.RequestMovementStartTripByFO.TrackOngoingTrip()'><b>TrackOngoingTrip</b><br>Test class: SingleCollateralCompletionTestCases.RequestMovementStartTripByFO</td>
<td></td>
<td>15</td>
<td>SingleCollateralCompletionTestCases.RequestMovementStartTripByFO@3c9754d8</td></tr>
<tr>
<td title='SingleCollateralCompletionTestCases.CollateralRelease.Login()'><b>Login</b><br>Test class: SingleCollateralCompletionTestCases.CollateralRelease</td>
<td></td>
<td>8</td>
<td>SingleCollateralCompletionTestCases.CollateralRelease@367ffa75</td></tr>
<tr>
<td title='SingleCollateralCompletionTestCases.DraftCollateralCreation.AddPacketWithPacketID()'><b>AddPacketWithPacketID</b><br>Test class: SingleCollateralCompletionTestCases.DraftCollateralCreation</td>
<td></td>
<td>4</td>
<td>SingleCollateralCompletionTestCases.DraftCollateralCreation@5bda8e08</td></tr>
<tr>
<td title='SingleCollateralCompletionTestCases.ReleaseMovementComplete.CloseBrowser()'><b>CloseBrowser</b><br>Test class: SingleCollateralCompletionTestCases.ReleaseMovementComplete</td>
<td></td>
<td>0</td>
<td>SingleCollateralCompletionTestCases.ReleaseMovementComplete@40005471</td></tr>
<tr>
<td title='SingleCollateralCompletionTestCases.ChargeAndMovementRequestByBM.CloseBrowser()'><b>CloseBrowser</b><br>Test class: SingleCollateralCompletionTestCases.ChargeAndMovementRequestByBM</td>
<td></td>
<td>0</td>
<td>SingleCollateralCompletionTestCases.ChargeAndMovementRequestByBM@6ed3ccb2</td></tr>
<tr>
<td title='SingleCollateralCompletionTestCases.RejectCollateralByBM2.Login()'><b>Login</b><br>Test class: SingleCollateralCompletionTestCases.RejectCollateralByBM2</td>
<td></td>
<td>6</td>
<td>SingleCollateralCompletionTestCases.RejectCollateralByBM2@4116aac9</td></tr>
<tr>
<td title='SingleCollateralCompletionTestCases.DraftCollateralCreation.AddOrnaments()'><b>AddOrnaments</b><br>Test class: SingleCollateralCompletionTestCases.DraftCollateralCreation</td>
<td></td>
<td>2</td>
<td>SingleCollateralCompletionTestCases.DraftCollateralCreation@5bda8e08</td></tr>
<tr>
<td title='SingleCollateralCompletionTestCases.ChargeConfirmationByBM.Browser()'><b>Browser</b><br>Test class: SingleCollateralCompletionTestCases.ChargeConfirmationByBM</td>
<td></td>
<td>1</td>
<td>SingleCollateralCompletionTestCases.ChargeConfirmationByBM@302552ec</td></tr>
<tr>
<td title='SingleCollateralCompletionTestCases.RequestMovementCompletionByFO.TrackOngoingTrip()'><b>TrackOngoingTrip</b><br>Test class: SingleCollateralCompletionTestCases.RequestMovementCompletionByFO</td>
<td></td>
<td>22</td>
<td>SingleCollateralCompletionTestCases.RequestMovementCompletionByFO@489115ef</td></tr>
<tr>
<td title='SingleCollateralCompletionTestCases.ChargeReleaseRequestByBM.CloseBrowser()'><b>CloseBrowser</b><br>Test class: SingleCollateralCompletionTestCases.ChargeReleaseRequestByBM</td>
<td></td>
<td>0</td>
<td>SingleCollateralCompletionTestCases.ChargeReleaseRequestByBM@3d285d7e</td></tr>
<tr>
<td title='SingleCollateralCompletionTestCases.ApproveCollateralByBM.CollateralAdditionLink()'><b>CollateralAdditionLink</b><br>Test class: SingleCollateralCompletionTestCases.ApproveCollateralByBM</td>
<td></td>
<td>41</td>
<td>SingleCollateralCompletionTestCases.ApproveCollateralByBM@74e52ef6</td></tr>
<tr>
<td title='SingleCollateralCompletionTestCases.ChargeAndMovementRequestByBM3.Browser()'><b>Browser</b><br>Test class: SingleCollateralCompletionTestCases.ChargeAndMovementRequestByBM3</td>
<td></td>
<td>1</td>
<td>SingleCollateralCompletionTestCases.ChargeAndMovementRequestByBM3@4d1c00d0</td></tr>
<tr>
<td title='SingleCollateralCompletionTestCases.CollateralRelease.Browser()'><b>Browser</b><br>Test class: SingleCollateralCompletionTestCases.CollateralRelease</td>
<td></td>
<td>1</td>
<td>SingleCollateralCompletionTestCases.CollateralRelease@367ffa75</td></tr>
<tr>
<td title='SingleCollateralCompletionTestCases.ChargeAndMovementRequestByBM.Login()'><b>Login</b><br>Test class: SingleCollateralCompletionTestCases.ChargeAndMovementRequestByBM</td>
<td></td>
<td>3</td>
<td>SingleCollateralCompletionTestCases.ChargeAndMovementRequestByBM@6ed3ccb2</td></tr>
<tr>
<td title='SingleCollateralCompletionTestCases.cancelChargeRequestByBM.Browser()'><b>Browser</b><br>Test class: SingleCollateralCompletionTestCases.cancelChargeRequestByBM</td>
<td></td>
<td>1</td>
<td>SingleCollateralCompletionTestCases.cancelChargeRequestByBM@1a677343</td></tr>
<tr>
<td title='SingleCollateralCompletionTestCases.ChargeReleaseRequestByBM.ChargeReleaseForm()'><b>ChargeReleaseForm</b><br>Test class: SingleCollateralCompletionTestCases.ChargeReleaseRequestByBM</td>
<td></td>
<td>20</td>
<td>SingleCollateralCompletionTestCases.ChargeReleaseRequestByBM@3d285d7e</td></tr>
<tr>
<td title='SingleCollateralCompletionTestCases.CancelChargeAfterMovement.Login()'><b>Login</b><br>Test class: SingleCollateralCompletionTestCases.CancelChargeAfterMovement</td>
<td></td>
<td>7</td>
<td>SingleCollateralCompletionTestCases.CancelChargeAfterMovement@3857f613</td></tr>
<tr>
<td title='SingleCollateralCompletionTestCases.cancelChargeRequestByBM1.Login()'><b>Login</b><br>Test class: SingleCollateralCompletionTestCases.cancelChargeRequestByBM1</td>
<td></td>
<td>5</td>
<td>SingleCollateralCompletionTestCases.cancelChargeRequestByBM1@79079097</td></tr>
<tr>
<td title='SingleCollateralCompletionTestCases.ResubmitChargeConfirmationByFO1.Login()'><b>Login</b><br>Test class: SingleCollateralCompletionTestCases.ResubmitChargeConfirmationByFO1</td>
<td></td>
<td>7</td>
<td>SingleCollateralCompletionTestCases.ResubmitChargeConfirmationByFO1@26794848</td></tr>
<tr>
<td title='SingleCollateralCompletionTestCases.ChargeAndMovementRequestByBM2.Browser()'><b>Browser</b><br>Test class: SingleCollateralCompletionTestCases.ChargeAndMovementRequestByBM2</td>
<td></td>
<td>1</td>
<td>SingleCollateralCompletionTestCases.ChargeAndMovementRequestByBM2@7c6908d7</td></tr>
<tr>
<td title='SingleCollateralCompletionTestCases.ResubmitChargeConfirmationByFO1.CloseBrowser()'><b>CloseBrowser</b><br>Test class: SingleCollateralCompletionTestCases.ResubmitChargeConfirmationByFO1</td>
<td></td>
<td>0</td>
<td>SingleCollateralCompletionTestCases.ResubmitChargeConfirmationByFO1@26794848</td></tr>
<tr>
<td title='SingleCollateralCompletionTestCases.RequestMovementStartTripByFO.StartTrip()'><b>StartTrip</b><br>Test class: SingleCollateralCompletionTestCases.RequestMovementStartTripByFO</td>
<td></td>
<td>17</td>
<td>SingleCollateralCompletionTestCases.RequestMovementStartTripByFO@3c9754d8</td></tr>
<tr>
<td title='SingleCollateralCompletionTestCases.cancelChargeRequestByBM.Login()'><b>Login</b><br>Test class: SingleCollateralCompletionTestCases.cancelChargeRequestByBM</td>
<td></td>
<td>6</td>
<td>SingleCollateralCompletionTestCases.cancelChargeRequestByBM@1a677343</td></tr>
<tr>
<td title='SingleCollateralCompletionTestCases.RequestMovementCompletionByFO1.StartTrip()'><b>StartTrip</b><br>Test class: SingleCollateralCompletionTestCases.RequestMovementCompletionByFO1</td>
<td></td>
<td>16</td>
<td>SingleCollateralCompletionTestCases.RequestMovementCompletionByFO1@198b6731</td></tr>
<tr>
<td title='SingleCollateralCompletionTestCases.ChargeConfirmationByBM.CloseBrowser()'><b>CloseBrowser</b><br>Test class: SingleCollateralCompletionTestCases.ChargeConfirmationByBM</td>
<td></td>
<td>0</td>
<td>SingleCollateralCompletionTestCases.ChargeConfirmationByBM@302552ec</td></tr>
<tr>
<td title='SingleCollateralCompletionTestCases.ChargeClosureByBM.ChargeClosure()'><b>ChargeClosure</b><br>Test class: SingleCollateralCompletionTestCases.ChargeClosureByBM</td>
<td></td>
<td>31</td>
<td>SingleCollateralCompletionTestCases.ChargeClosureByBM@2cd76f31</td></tr>
<tr>
<td title='SingleCollateralCompletionTestCases.ChargeAndMovementRequestByBM2.CloseBrowser()'><b>CloseBrowser</b><br>Test class: SingleCollateralCompletionTestCases.ChargeAndMovementRequestByBM2</td>
<td></td>
<td>0</td>
<td>SingleCollateralCompletionTestCases.ChargeAndMovementRequestByBM2@7c6908d7</td></tr>
<tr>
<td title='SingleCollateralCompletionTestCases.RequestMovementInprogressAbandonByFO.StartTrip()'><b>StartTrip</b><br>Test class: SingleCollateralCompletionTestCases.RequestMovementInprogressAbandonByFO</td>
<td></td>
<td>16</td>
<td>SingleCollateralCompletionTestCases.RequestMovementInprogressAbandonByFO@3bf7ca37</td></tr>
<tr>
<td title='SingleCollateralCompletionTestCases.ChargeReleaseRequestByBM.Login()'><b>Login</b><br>Test class: SingleCollateralCompletionTestCases.ChargeReleaseRequestByBM</td>
<td></td>
<td>6</td>
<td>SingleCollateralCompletionTestCases.ChargeReleaseRequestByBM@3d285d7e</td></tr>
<tr>
<td title='SingleCollateralCompletionTestCases.ChargeConfirmationByBM.OpenCharges()'><b>OpenCharges</b><br>Test class: SingleCollateralCompletionTestCases.ChargeConfirmationByBM</td>
<td></td>
<td>25</td>
<td>SingleCollateralCompletionTestCases.ChargeConfirmationByBM@302552ec</td></tr>
<tr>
<td title='SingleCollateralCompletionTestCases.ApproveCollateralByBM.CloseBrowser()'><b>CloseBrowser</b><br>Test class: SingleCollateralCompletionTestCases.ApproveCollateralByBM</td>
<td></td>
<td>0</td>
<td>SingleCollateralCompletionTestCases.ApproveCollateralByBM@74e52ef6</td></tr>
<tr>
<td title='SingleCollateralCompletionTestCases.RequestMovementStartTripByFO.CloseBrowser()'><b>CloseBrowser</b><br>Test class: SingleCollateralCompletionTestCases.RequestMovementStartTripByFO</td>
<td></td>
<td>0</td>
<td>SingleCollateralCompletionTestCases.RequestMovementStartTripByFO@3c9754d8</td></tr>
<tr>
<td title='SingleCollateralCompletionTestCases.ChargeAndMovementRequestByBM2.Login()'><b>Login</b><br>Test class: SingleCollateralCompletionTestCases.ChargeAndMovementRequestByBM2</td>
<td></td>
<td>3</td>
<td>SingleCollateralCompletionTestCases.ChargeAndMovementRequestByBM2@7c6908d7</td></tr>
<tr>
<td title='SingleCollateralCompletionTestCases.CancelChargeAfterMovement.CancelChargeRequest()'><b>CancelChargeRequest</b><br>Test class: SingleCollateralCompletionTestCases.CancelChargeAfterMovement</td>
<td></td>
<td>25</td>
<td>SingleCollateralCompletionTestCases.CancelChargeAfterMovement@3857f613</td></tr>
<tr>
<td title='SingleCollateralCompletionTestCases.RequestMovementCompletionByFO1.Login()'><b>Login</b><br>Test class: SingleCollateralCompletionTestCases.RequestMovementCompletionByFO1</td>
<td></td>
<td>8</td>
<td>SingleCollateralCompletionTestCases.RequestMovementCompletionByFO1@198b6731</td></tr>
<tr>
<td title='SingleCollateralCompletionTestCases.RequestMovementCompletionByFO1.TrackOngoingTrip()'><b>TrackOngoingTrip</b><br>Test class: SingleCollateralCompletionTestCases.RequestMovementCompletionByFO1</td>
<td></td>
<td>22</td>
<td>SingleCollateralCompletionTestCases.RequestMovementCompletionByFO1@198b6731</td></tr>
<tr>
<td title='SingleCollateralCompletionTestCases.DraftCollateralSubmission.Login()'><b>Login</b><br>Test class: SingleCollateralCompletionTestCases.DraftCollateralSubmission</td>
<td></td>
<td>6</td>
<td>SingleCollateralCompletionTestCases.DraftCollateralSubmission@7eac9008</td></tr>
<tr>
<td title='SingleCollateralCompletionTestCases.ResubmitChargeConfirmationByFO1.Browser()'><b>Browser</b><br>Test class: SingleCollateralCompletionTestCases.ResubmitChargeConfirmationByFO1</td>
<td></td>
<td>1</td>
<td>SingleCollateralCompletionTestCases.ResubmitChargeConfirmationByFO1@26794848</td></tr>
<tr>
<td title='SingleCollateralCompletionTestCases.ChargeReleaseRequestByBM.Browser()'><b>Browser</b><br>Test class: SingleCollateralCompletionTestCases.ChargeReleaseRequestByBM</td>
<td></td>
<td>1</td>
<td>SingleCollateralCompletionTestCases.ChargeReleaseRequestByBM@3d285d7e</td></tr>
<tr>
<td title='SingleCollateralCompletionTestCases.ResubmitRejectedCollateral.NewOrnamentAddition()'><b>NewOrnamentAddition</b><br>Test class: SingleCollateralCompletionTestCases.ResubmitRejectedCollateral</td>
<td></td>
<td>18</td>
<td>SingleCollateralCompletionTestCases.ResubmitRejectedCollateral@62ddbd7e</td></tr>
<tr>
<td title='SingleCollateralCompletionTestCases.RejectCollateralByBM2.Browser()'><b>Browser</b><br>Test class: SingleCollateralCompletionTestCases.RejectCollateralByBM2</td>
<td></td>
<td>1</td>
<td>SingleCollateralCompletionTestCases.RejectCollateralByBM2@4116aac9</td></tr>
<tr>
<td title='SingleCollateralCompletionTestCases.CancelChargeAfterMovement.CloseBrowser()'><b>CloseBrowser</b><br>Test class: SingleCollateralCompletionTestCases.CancelChargeAfterMovement</td>
<td></td>
<td>0</td>
<td>SingleCollateralCompletionTestCases.CancelChargeAfterMovement@3857f613</td></tr>
<tr>
<td title='SingleCollateralCompletionTestCases.RejectChargeConfirmationByBM.Browser()'><b>Browser</b><br>Test class: SingleCollateralCompletionTestCases.RejectChargeConfirmationByBM</td>
<td></td>
<td>1</td>
<td>SingleCollateralCompletionTestCases.RejectChargeConfirmationByBM@bcec361</td></tr>
<tr>
<td title='SingleCollateralCompletionTestCases.DraftCollateralCreation.CloseBrowser()'><b>CloseBrowser</b><br>Test class: SingleCollateralCompletionTestCases.DraftCollateralCreation</td>
<td></td>
<td>0</td>
<td>SingleCollateralCompletionTestCases.DraftCollateralCreation@5bda8e08</td></tr>
<tr>
<td title='SingleCollateralCompletionTestCases.DraftCollateralCreation.AddCollaterl()'><b>AddCollaterl</b><br>Test class: SingleCollateralCompletionTestCases.DraftCollateralCreation</td>
<td></td>
<td>6</td>
<td>SingleCollateralCompletionTestCases.DraftCollateralCreation@5bda8e08</td></tr>
<tr>
<td title='SingleCollateralCompletionTestCases.RequestMovementCompletionByFO1.CloseBrowser()'><b>CloseBrowser</b><br>Test class: SingleCollateralCompletionTestCases.RequestMovementCompletionByFO1</td>
<td></td>
<td>0</td>
<td>SingleCollateralCompletionTestCases.RequestMovementCompletionByFO1@198b6731</td></tr>
<tr>
<td title='SingleCollateralCompletionTestCases.RequestMovementStartTripByFO.Browser()'><b>Browser</b><br>Test class: SingleCollateralCompletionTestCases.RequestMovementStartTripByFO</td>
<td></td>
<td>1</td>
<td>SingleCollateralCompletionTestCases.RequestMovementStartTripByFO@3c9754d8</td></tr>
<tr>
<td title='SingleCollateralCompletionTestCases.RequestMovementCompletionByFO.CloseBrowser()'><b>CloseBrowser</b><br>Test class: SingleCollateralCompletionTestCases.RequestMovementCompletionByFO</td>
<td></td>
<td>0</td>
<td>SingleCollateralCompletionTestCases.RequestMovementCompletionByFO@489115ef</td></tr>
<tr>
<td title='SingleCollateralCompletionTestCases.ChargeConfirmationByBM.Login()'><b>Login</b><br>Test class: SingleCollateralCompletionTestCases.ChargeConfirmationByBM</td>
<td></td>
<td>7</td>
<td>SingleCollateralCompletionTestCases.ChargeConfirmationByBM@302552ec</td></tr>
<tr>
<td title='SingleCollateralCompletionTestCases.RequestMovementStartTripByFO.Login()'><b>Login</b><br>Test class: SingleCollateralCompletionTestCases.RequestMovementStartTripByFO</td>
<td></td>
<td>6</td>
<td>SingleCollateralCompletionTestCases.RequestMovementStartTripByFO@3c9754d8</td></tr>
<tr>
<td title='SingleCollateralCompletionTestCases.RequestChargeConfirmationByFO.CloseBrowser()'><b>CloseBrowser</b><br>Test class: SingleCollateralCompletionTestCases.RequestChargeConfirmationByFO</td>
<td></td>
<td>0</td>
<td>SingleCollateralCompletionTestCases.RequestChargeConfirmationByFO@4e08711f</td></tr>
<tr>
<td title='SingleCollateralCompletionTestCases.ChargeAndMovementRequestByBM1.SearchCollateral()'><b>SearchCollateral</b><br>Test class: SingleCollateralCompletionTestCases.ChargeAndMovementRequestByBM1</td>
<td></td>
<td>12</td>
<td>SingleCollateralCompletionTestCases.ChargeAndMovementRequestByBM1@15de0b3c</td></tr>
<tr>
<td title='SingleCollateralCompletionTestCases.ChargeAndMovementRequestByBM2.ChargeRequestFormFillup()'><b>ChargeRequestFormFillup</b><br>Test class: SingleCollateralCompletionTestCases.ChargeAndMovementRequestByBM2</td>
<td></td>
<td>30</td>
<td>SingleCollateralCompletionTestCases.ChargeAndMovementRequestByBM2@7c6908d7</td></tr>
<tr>
<td title='SingleCollateralCompletionTestCases.ReleaseMovementComplete.Browser()'><b>Browser</b><br>Test class: SingleCollateralCompletionTestCases.ReleaseMovementComplete</td>
<td></td>
<td>1</td>
<td>SingleCollateralCompletionTestCases.ReleaseMovementComplete@40005471</td></tr>
<tr>
<td title='SingleCollateralCompletionTestCases.ReleaseMovementComplete.TrackOngoingTrip()'><b>TrackOngoingTrip</b><br>Test class: SingleCollateralCompletionTestCases.ReleaseMovementComplete</td>
<td></td>
<td>41</td>
<td>SingleCollateralCompletionTestCases.ReleaseMovementComplete@40005471</td></tr>
<tr>
<td title='SingleCollateralCompletionTestCases.ChargeAndMovementRequestByBM.Browser()'><b>Browser</b><br>Test class: SingleCollateralCompletionTestCases.ChargeAndMovementRequestByBM</td>
<td></td>
<td>1</td>
<td>SingleCollateralCompletionTestCases.ChargeAndMovementRequestByBM@6ed3ccb2</td></tr>
<tr>
<td title='SingleCollateralCompletionTestCases.CollateralRelease.CloseBrowser()'><b>CloseBrowser</b><br>Test class: SingleCollateralCompletionTestCases.CollateralRelease</td>
<td></td>
<td>0</td>
<td>SingleCollateralCompletionTestCases.CollateralRelease@367ffa75</td></tr>
<tr>
<td title='SingleCollateralCompletionTestCases.ChargeClosureByBM.CloseBrowser()'><b>CloseBrowser</b><br>Test class: SingleCollateralCompletionTestCases.ChargeClosureByBM</td>
<td></td>
<td>0</td>
<td>SingleCollateralCompletionTestCases.ChargeClosureByBM@2cd76f31</td></tr>
<tr>
<td title='SingleCollateralCompletionTestCases.RequestMovementCompletionByFO1.Browser()'><b>Browser</b><br>Test class: SingleCollateralCompletionTestCases.RequestMovementCompletionByFO1</td>
<td></td>
<td>1</td>
<td>SingleCollateralCompletionTestCases.RequestMovementCompletionByFO1@198b6731</td></tr>
<tr>
<td title='SingleCollateralCompletionTestCases.ChargeAndMovementRequestByBM.SearchCollateral()'><b>SearchCollateral</b><br>Test class: SingleCollateralCompletionTestCases.ChargeAndMovementRequestByBM</td>
<td></td>
<td>12</td>
<td>SingleCollateralCompletionTestCases.ChargeAndMovementRequestByBM@6ed3ccb2</td></tr>
<tr>
<td title='SingleCollateralCompletionTestCases.RequestChargeConfirmationByFO.Login()'><b>Login</b><br>Test class: SingleCollateralCompletionTestCases.RequestChargeConfirmationByFO</td>
<td></td>
<td>7</td>
<td>SingleCollateralCompletionTestCases.RequestChargeConfirmationByFO@4e08711f</td></tr>
<tr>
<td title='SingleCollateralCompletionTestCases.ChargeAndMovementRequestByBM1.Login()'><b>Login</b><br>Test class: SingleCollateralCompletionTestCases.ChargeAndMovementRequestByBM1</td>
<td></td>
<td>4</td>
<td>SingleCollateralCompletionTestCases.ChargeAndMovementRequestByBM1@15de0b3c</td></tr>
<tr>
<td title='SingleCollateralCompletionTestCases.ChargeAndMovementRequestByBM2.SearchCollateral()'><b>SearchCollateral</b><br>Test class: SingleCollateralCompletionTestCases.ChargeAndMovementRequestByBM2</td>
<td></td>
<td>12</td>
<td>SingleCollateralCompletionTestCases.ChargeAndMovementRequestByBM2@7c6908d7</td></tr>
<tr>
<td title='SingleCollateralCompletionTestCases.CollateralRelease.CollateralRelease()'><b>CollateralRelease</b><br>Test class: SingleCollateralCompletionTestCases.CollateralRelease</td>
<td></td>
<td>28</td>
<td>SingleCollateralCompletionTestCases.CollateralRelease@367ffa75</td></tr>
<tr>
<td title='SingleCollateralCompletionTestCases.ChargeAndMovementRequestByBM.ChargeRequestFormFillup()'><b>ChargeRequestFormFillup</b><br>Test class: SingleCollateralCompletionTestCases.ChargeAndMovementRequestByBM</td>
<td></td>
<td>30</td>
<td>SingleCollateralCompletionTestCases.ChargeAndMovementRequestByBM@6ed3ccb2</td></tr>
<tr>
<td title='SingleCollateralCompletionTestCases.CancelChargeAfterMovement.Browser()'><b>Browser</b><br>Test class: SingleCollateralCompletionTestCases.CancelChargeAfterMovement</td>
<td></td>
<td>1</td>
<td>SingleCollateralCompletionTestCases.CancelChargeAfterMovement@3857f613</td></tr>
<tr>
<td title='SingleCollateralCompletionTestCases.ChargeAndMovementRequestByBM3.Login()'><b>Login</b><br>Test class: SingleCollateralCompletionTestCases.ChargeAndMovementRequestByBM3</td>
<td></td>
<td>2</td>
<td>SingleCollateralCompletionTestCases.ChargeAndMovementRequestByBM3@4d1c00d0</td></tr>
<tr>
<td title='SingleCollateralCompletionTestCases.ChargeClosureByBM.Browser()'><b>Browser</b><br>Test class: SingleCollateralCompletionTestCases.ChargeClosureByBM</td>
<td></td>
<td>1</td>
<td>SingleCollateralCompletionTestCases.ChargeClosureByBM@2cd76f31</td></tr>
<tr>
<td title='SingleCollateralCompletionTestCases.cancelChargeRequestByBM.CancelChargeRequest()'><b>CancelChargeRequest</b><br>Test class: SingleCollateralCompletionTestCases.cancelChargeRequestByBM</td>
<td></td>
<td>34</td>
<td>SingleCollateralCompletionTestCases.cancelChargeRequestByBM@1a677343</td></tr>
<tr>
<td title='SingleCollateralCompletionTestCases.ChargeAndMovementRequestByBM1.ChargeRequestFormFillup()'><b>ChargeRequestFormFillup</b><br>Test class: SingleCollateralCompletionTestCases.ChargeAndMovementRequestByBM1</td>
<td></td>
<td>30</td>
<td>SingleCollateralCompletionTestCases.ChargeAndMovementRequestByBM1@15de0b3c</td></tr>
<tr>
<td title='SingleCollateralCompletionTestCases.ApproveCollateralByBM.Login()'><b>Login</b><br>Test class: SingleCollateralCompletionTestCases.ApproveCollateralByBM</td>
<td></td>
<td>6</td>
<td>SingleCollateralCompletionTestCases.ApproveCollateralByBM@74e52ef6</td></tr>
<tr>
<td title='SingleCollateralCompletionTestCases.cancelChargeRequestByBM1.Browser()'><b>Browser</b><br>Test class: SingleCollateralCompletionTestCases.cancelChargeRequestByBM1</td>
<td></td>
<td>1</td>
<td>SingleCollateralCompletionTestCases.cancelChargeRequestByBM1@79079097</td></tr>
<tr>
<td title='SingleCollateralCompletionTestCases.RejectCollateralByBM2.CloseBrowser()'><b>CloseBrowser</b><br>Test class: SingleCollateralCompletionTestCases.RejectCollateralByBM2</td>
<td></td>
<td>0</td>
<td>SingleCollateralCompletionTestCases.RejectCollateralByBM2@4116aac9</td></tr>
<tr>
<td title='SingleCollateralCompletionTestCases.ResubmitRejectedCollateral.Login()'><b>Login</b><br>Test class: SingleCollateralCompletionTestCases.ResubmitRejectedCollateral</td>
<td></td>
<td>7</td>
<td>SingleCollateralCompletionTestCases.ResubmitRejectedCollateral@62ddbd7e</td></tr>
<tr>
<td title='SingleCollateralCompletionTestCases.RequestMovementCompletionByFO.Browser()'><b>Browser</b><br>Test class: SingleCollateralCompletionTestCases.RequestMovementCompletionByFO</td>
<td></td>
<td>1</td>
<td>SingleCollateralCompletionTestCases.RequestMovementCompletionByFO@489115ef</td></tr>
<tr>
<td title='SingleCollateralCompletionTestCases.cancelChargeRequestByBM1.CancelChargeRequest()'><b>CancelChargeRequest</b><br>Test class: SingleCollateralCompletionTestCases.cancelChargeRequestByBM1</td>
<td></td>
<td>34</td>
<td>SingleCollateralCompletionTestCases.cancelChargeRequestByBM1@79079097</td></tr>
<tr>
<td title='SingleCollateralCompletionTestCases.RequestChargeConfirmationByFO.ChargeFillup()'><b>ChargeFillup</b><br>Test class: SingleCollateralCompletionTestCases.RequestChargeConfirmationByFO</td>
<td></td>
<td>26</td>
<td>SingleCollateralCompletionTestCases.RequestChargeConfirmationByFO@4e08711f</td></tr>
<tr>
<td title='SingleCollateralCompletionTestCases.RequestMovementInprogressAbandonByFO.Browser()'><b>Browser</b><br>Test class: SingleCollateralCompletionTestCases.RequestMovementInprogressAbandonByFO</td>
<td></td>
<td>1</td>
<td>SingleCollateralCompletionTestCases.RequestMovementInprogressAbandonByFO@3bf7ca37</td></tr>
<tr>
<td title='SingleCollateralCompletionTestCases.RejectChargeConfirmationByBM.CloseBrowser()'><b>CloseBrowser</b><br>Test class: SingleCollateralCompletionTestCases.RejectChargeConfirmationByBM</td>
<td></td>
<td>0</td>
<td>SingleCollateralCompletionTestCases.RejectChargeConfirmationByBM@bcec361</td></tr>
<tr>
<td title='SingleCollateralCompletionTestCases.ResubmitChargeConfirmationByFO1.ChargeFillup()'><b>ChargeFillup</b><br>Test class: SingleCollateralCompletionTestCases.ResubmitChargeConfirmationByFO1</td>
<td></td>
<td>26</td>
<td>SingleCollateralCompletionTestCases.ResubmitChargeConfirmationByFO1@26794848</td></tr>
<tr>
<td title='SingleCollateralCompletionTestCases.DraftCollateralSubmission.NewOrnamentAddition()'><b>NewOrnamentAddition</b><br>Test class: SingleCollateralCompletionTestCases.DraftCollateralSubmission</td>
<td></td>
<td>19</td>
<td>SingleCollateralCompletionTestCases.DraftCollateralSubmission@7eac9008</td></tr>
<tr>
<td title='SingleCollateralCompletionTestCases.cancelChargeRequestByBM.CloseBrowser()'><b>CloseBrowser</b><br>Test class: SingleCollateralCompletionTestCases.cancelChargeRequestByBM</td>
<td></td>
<td>0</td>
<td>SingleCollateralCompletionTestCases.cancelChargeRequestByBM@1a677343</td></tr>
<tr>
<td title='SingleCollateralCompletionTestCases.ApproveCollateralByBM.Browser()'><b>Browser</b><br>Test class: SingleCollateralCompletionTestCases.ApproveCollateralByBM</td>
<td></td>
<td>1</td>
<td>SingleCollateralCompletionTestCases.ApproveCollateralByBM@74e52ef6</td></tr>
<tr>
<td title='SingleCollateralCompletionTestCases.cancelChargeRequestByBM1.CloseBrowser()'><b>CloseBrowser</b><br>Test class: SingleCollateralCompletionTestCases.cancelChargeRequestByBM1</td>
<td></td>
<td>0</td>
<td>SingleCollateralCompletionTestCases.cancelChargeRequestByBM1@79079097</td></tr>
<tr>
<td title='SingleCollateralCompletionTestCases.RejectChargeConfirmationByBM.Login()'><b>Login</b><br>Test class: SingleCollateralCompletionTestCases.RejectChargeConfirmationByBM</td>
<td></td>
<td>6</td>
<td>SingleCollateralCompletionTestCases.RejectChargeConfirmationByBM@bcec361</td></tr>
<tr>
<td title='SingleCollateralCompletionTestCases.RequestMovementCompletionByFO.StartTrip()'><b>StartTrip</b><br>Test class: SingleCollateralCompletionTestCases.RequestMovementCompletionByFO</td>
<td></td>
<td>16</td>
<td>SingleCollateralCompletionTestCases.RequestMovementCompletionByFO@489115ef</td></tr>
<tr>
<td title='SingleCollateralCompletionTestCases.RejectChargeConfirmationByBM.OpenCharges()'><b>OpenCharges</b><br>Test class: SingleCollateralCompletionTestCases.RejectChargeConfirmationByBM</td>
<td></td>
<td>28</td>
<td>SingleCollateralCompletionTestCases.RejectChargeConfirmationByBM@bcec361</td></tr>
<tr>
<td title='SingleCollateralCompletionTestCases.DraftCollateralSubmission.CloseBrowser()'><b>CloseBrowser</b><br>Test class: SingleCollateralCompletionTestCases.DraftCollateralSubmission</td>
<td></td>
<td>0</td>
<td>SingleCollateralCompletionTestCases.DraftCollateralSubmission@7eac9008</td></tr>
<tr>
<td title='SingleCollateralCompletionTestCases.DraftCollateralCreation.Login()'><b>Login</b><br>Test class: SingleCollateralCompletionTestCases.DraftCollateralCreation</td>
<td></td>
<td>7</td>
<td>SingleCollateralCompletionTestCases.DraftCollateralCreation@5bda8e08</td></tr>
<tr>
<td title='SingleCollateralCompletionTestCases.RequestMovementCompletionByFO2.CloseBrowser()'><b>CloseBrowser</b><br>Test class: SingleCollateralCompletionTestCases.RequestMovementCompletionByFO2</td>
<td></td>
<td>0</td>
<td>SingleCollateralCompletionTestCases.RequestMovementCompletionByFO2@4b2bac3f</td></tr>
<tr>
<td title='SingleCollateralCompletionTestCases.ResubmitRejectedCollateral.SubmitCollateral()'><b>SubmitCollateral</b><br>Test class: SingleCollateralCompletionTestCases.ResubmitRejectedCollateral</td>
<td></td>
<td>28</td>
<td>SingleCollateralCompletionTestCases.ResubmitRejectedCollateral@62ddbd7e</td></tr>
<tr>
<td title='SingleCollateralCompletionTestCases.RequestMovementCompletionByFO.Login()'><b>Login</b><br>Test class: SingleCollateralCompletionTestCases.RequestMovementCompletionByFO</td>
<td></td>
<td>9</td>
<td>SingleCollateralCompletionTestCases.RequestMovementCompletionByFO@489115ef</td></tr>
<tr>
<td title='SingleCollateralCompletionTestCases.RequestMovementCompletionByFO2.StartTrip()'><b>StartTrip</b><br>Test class: SingleCollateralCompletionTestCases.RequestMovementCompletionByFO2</td>
<td></td>
<td>16</td>
<td>SingleCollateralCompletionTestCases.RequestMovementCompletionByFO2@4b2bac3f</td></tr>
<tr>
<td title='SingleCollateralCompletionTestCases.ChargeClosureByBM.Login()'><b>Login</b><br>Test class: SingleCollateralCompletionTestCases.ChargeClosureByBM</td>
<td></td>
<td>8</td>
<td>SingleCollateralCompletionTestCases.ChargeClosureByBM@2cd76f31</td></tr>
<tr>
<td title='SingleCollateralCompletionTestCases.RequestMovementCompletionByFO2.Login()'><b>Login</b><br>Test class: SingleCollateralCompletionTestCases.RequestMovementCompletionByFO2</td>
<td></td>
<td>6</td>
<td>SingleCollateralCompletionTestCases.RequestMovementCompletionByFO2@4b2bac3f</td></tr>
<tr>
<td title='SingleCollateralCompletionTestCases.DraftCollateralSubmission.GotoCollateral()'><b>GotoCollateral</b><br>Test class: SingleCollateralCompletionTestCases.DraftCollateralSubmission</td>
<td></td>
<td>11</td>
<td>SingleCollateralCompletionTestCases.DraftCollateralSubmission@7eac9008</td></tr>
<tr>
<td title='SingleCollateralCompletionTestCases.RequestMovementInprogressAbandonByFO.Login()'><b>Login</b><br>Test class: SingleCollateralCompletionTestCases.RequestMovementInprogressAbandonByFO</td>
<td></td>
<td>7</td>
<td>SingleCollateralCompletionTestCases.RequestMovementInprogressAbandonByFO@3bf7ca37</td></tr>
<tr>
<td title='SingleCollateralCompletionTestCases.ReleaseMovementComplete.Login()'><b>Login</b><br>Test class: SingleCollateralCompletionTestCases.ReleaseMovementComplete</td>
<td></td>
<td>6</td>
<td>SingleCollateralCompletionTestCases.ReleaseMovementComplete@40005471</td></tr>
<tr>
<td title='SingleCollateralCompletionTestCases.ResubmitChargeConfirmationByFO1.ChargeFormOpen()'><b>ChargeFormOpen</b><br>Test class: SingleCollateralCompletionTestCases.ResubmitChargeConfirmationByFO1</td>
<td></td>
<td>31</td>
<td>SingleCollateralCompletionTestCases.ResubmitChargeConfirmationByFO1@26794848</td></tr>
<tr>
<td title='SingleCollateralCompletionTestCases.ResubmitRejectedCollateral.CloseBrowser()'><b>CloseBrowser</b><br>Test class: SingleCollateralCompletionTestCases.ResubmitRejectedCollateral</td>
<td></td>
<td>0</td>
<td>SingleCollateralCompletionTestCases.ResubmitRejectedCollateral@62ddbd7e</td></tr>
<tr>
<td title='SingleCollateralCompletionTestCases.ChargeReleaseRequestByBM.RequestClosure()'><b>RequestClosure</b><br>Test class: SingleCollateralCompletionTestCases.ChargeReleaseRequestByBM</td>
<td></td>
<td>26</td>
<td>SingleCollateralCompletionTestCases.ChargeReleaseRequestByBM@3d285d7e</td></tr>
</table><p>
</body>
</html>