<?xml version="1.0" encoding="UTF-8"?>
<!-- Generated by org.testng.reporters.JUnitXMLReporter -->
<testsuite ignored="0" hostname="Basavaraj-Dannannavar" failures="6" tests="117" name="Test" time="1217.424" errors="0" timestamp="2023-11-11T13:49:53 IST">
  <testcase classname="SingleCollateralCompletionTestCases.DraftCollateralCreation" name="Login" time="7.594"/>
  <testcase classname="SingleCollateralCompletionTestCases.DraftCollateralCreation" name="AddCollaterl" time="6.999"/>
  <testcase classname="SingleCollateralCompletionTestCases.DraftCollateralCreation" name="AddPacketWithPacketID" time="4.624"/>
  <testcase classname="SingleCollateralCompletionTestCases.DraftCollateralCreation" name="AddOrnaments" time="2.05"/>
  <testcase classname="SingleCollateralCompletionTestCases.DraftCollateralCreation" name="CloseBrowser" time="0.532"/>
  <testcase classname="SingleCollateralCompletionTestCases.DraftCollateralSubmission" name="Login" time="6.581"/>
  <testcase classname="SingleCollateralCompletionTestCases.DraftCollateralSubmission" name="GotoCollateral" time="11.993"/>
  <testcase classname="SingleCollateralCompletionTestCases.DraftCollateralSubmission" name="NewOrnamentAddition" time="19.366"/>
  <testcase classname="SingleCollateralCompletionTestCases.DraftCollateralSubmission" name="SubmitCollateral" time="15.111">
    <failure type="org.openqa.selenium.NoSuchElementException" message="no such element: Unable to locate element: {&amp;quot;method&amp;quot;:&amp;quot;xpath&amp;quot;,&amp;quot;selector&amp;quot;:&amp;quot;/html[1]/body[1]/div[2]/div[5]/div[1]/div[1]/div[2]/div[1]&amp;quot;}
  (Session info: chrome=119.0.6045.124)
For documentation on this error, please visit: https://selenium.dev/exceptions/#no_such_element
Build info: version: &amp;apos;4.9.1&amp;apos;, revision: &amp;apos;eb2032df7f&amp;apos;
System info: os.name: &amp;apos;Windows 10&amp;apos;, os.arch: &amp;apos;amd64&amp;apos;, os.version: &amp;apos;10.0&amp;apos;, java.version: &amp;apos;20.0.1&amp;apos;
Driver info: org.openqa.selenium.chrome.ChromeDriver
Command: [fab737053091d42c2ecc830c1b276b11, findElement {using=xpath, value=/html[1]/body[1]/div[2]/div[5]/div[1]/div[1]/div[2]/div[1]}]
Capabilities {acceptInsecureCerts: false, browserName: chrome, browserVersion: 119.0.6045.124, chrome: {chromedriverVersion: 119.0.6045.105 (38c72552c5e..., userDataDir: C:\Users\Lenovo\AppData\Loc...}, fedcm:accounts: true, goog:chromeOptions: {debuggerAddress: localhost:50196}, networkConnectionEnabled: false, pageLoadStrategy: normal, platformName: windows, proxy: Proxy(), se:cdp: ws://localhost:50196/devtoo..., se:cdpVersion: 119.0.6045.124, setWindowRect: true, strictFileInteractability: false, timeouts: {implicit: 0, pageLoad: 300000, script: 30000}, unhandledPromptBehavior: dismiss and notify, webauthn:extension:credBlob: true, webauthn:extension:largeBlob: true, webauthn:extension:minPinLength: true, webauthn:extension:prf: true, webauthn:virtualAuthenticators: true}
Session ID: fab737053091d42c2ecc830c1b276b11">
      <![CDATA[org.openqa.selenium.NoSuchElementException: no such element: Unable to locate element: {"method":"xpath","selector":"/html[1]/body[1]/div[2]/div[5]/div[1]/div[1]/div[2]/div[1]"}
  (Session info: chrome=119.0.6045.124)
For documentation on this error, please visit: https://selenium.dev/exceptions/#no_such_element
Build info: version: '4.9.1', revision: 'eb2032df7f'
System info: os.name: 'Windows 10', os.arch: 'amd64', os.version: '10.0', java.version: '20.0.1'
Driver info: org.openqa.selenium.chrome.ChromeDriver
Command: [fab737053091d42c2ecc830c1b276b11, findElement {using=xpath, value=/html[1]/body[1]/div[2]/div[5]/div[1]/div[1]/div[2]/div[1]}]
Capabilities {acceptInsecureCerts: false, browserName: chrome, browserVersion: 119.0.6045.124, chrome: {chromedriverVersion: 119.0.6045.105 (38c72552c5e..., userDataDir: C:\Users\Lenovo\AppData\Loc...}, fedcm:accounts: true, goog:chromeOptions: {debuggerAddress: localhost:50196}, networkConnectionEnabled: false, pageLoadStrategy: normal, platformName: windows, proxy: Proxy(), se:cdp: ws://localhost:50196/devtoo..., se:cdpVersion: 119.0.6045.124, setWindowRect: true, strictFileInteractability: false, timeouts: {implicit: 0, pageLoad: 300000, script: 30000}, unhandledPromptBehavior: dismiss and notify, webauthn:extension:credBlob: true, webauthn:extension:largeBlob: true, webauthn:extension:minPinLength: true, webauthn:extension:prf: true, webauthn:virtualAuthenticators: true}
Session ID: fab737053091d42c2ecc830c1b276b11
at org.openqa.selenium.remote.codec.w3c.W3CHttpResponseCodec.createException(W3CHttpResponseCodec.java:200)
at org.openqa.selenium.remote.codec.w3c.W3CHttpResponseCodec.decode(W3CHttpResponseCodec.java:133)
at org.openqa.selenium.remote.codec.w3c.W3CHttpResponseCodec.decode(W3CHttpResponseCodec.java:53)
at org.openqa.selenium.remote.HttpCommandExecutor.execute(HttpCommandExecutor.java:193)
at org.openqa.selenium.remote.service.DriverCommandExecutor.invokeExecute(DriverCommandExecutor.java:183)
at org.openqa.selenium.remote.service.DriverCommandExecutor.execute(DriverCommandExecutor.java:158)
at org.openqa.selenium.remote.RemoteWebDriver.execute(RemoteWebDriver.java:543)
at org.openqa.selenium.remote.ElementLocation$ElementFinder$2.findElement(ElementLocation.java:162)
at org.openqa.selenium.remote.ElementLocation.findElement(ElementLocation.java:60)
at org.openqa.selenium.remote.RemoteWebDriver.findElement(RemoteWebDriver.java:352)
at org.openqa.selenium.remote.RemoteWebDriver.findElement(RemoteWebDriver.java:344)
at SingleCollateralCompletionTestCases.DraftCollateralSubmission.SubmitCollateral(DraftCollateralSubmission.java:251)
at java.base/java.util.ArrayList.forEach(ArrayList.java:1511)
... Removed 28 stack frames]]>
    </failure>
  </testcase> <!-- SubmitCollateral -->
  <testcase classname="SingleCollateralCompletionTestCases.DraftCollateralSubmission" name="CloseBrowser" time="0.369"/>
  <testcase classname="SingleCollateralCompletionTestCases.RejectCollateralByBM2" name="Browser" time="1.044"/>
  <testcase classname="SingleCollateralCompletionTestCases.RejectCollateralByBM2" name="Login" time="6.703"/>
  <testcase classname="SingleCollateralCompletionTestCases.RejectCollateralByBM2" name="CollateralAdditionLink" time="35.243">
    <failure type="org.openqa.selenium.NoSuchElementException" message="no such element: Unable to locate element: {&amp;quot;method&amp;quot;:&amp;quot;xpath&amp;quot;,&amp;quot;selector&amp;quot;:&amp;quot;/html/body/div[2]/div/div[3]/div/div[2]/div/div[1]/div/div[3]/img&amp;quot;}
  (Session info: chrome=119.0.6045.124)
For documentation on this error, please visit: https://selenium.dev/exceptions/#no_such_element
Build info: version: &amp;apos;4.9.1&amp;apos;, revision: &amp;apos;eb2032df7f&amp;apos;
System info: os.name: &amp;apos;Windows 10&amp;apos;, os.arch: &amp;apos;amd64&amp;apos;, os.version: &amp;apos;10.0&amp;apos;, java.version: &amp;apos;20.0.1&amp;apos;
Driver info: org.openqa.selenium.chrome.ChromeDriver
Command: [01abd697a0774f64ed1ca008d9805b61, findElement {using=xpath, value=/html/body/div[2]/div/div[3]/div/div[2]/div/div[1]/div/div[3]/img}]
Capabilities {acceptInsecureCerts: false, browserName: chrome, browserVersion: 119.0.6045.124, chrome: {chromedriverVersion: 119.0.6045.105 (38c72552c5e..., userDataDir: C:\Users\Lenovo\AppData\Loc...}, fedcm:accounts: true, goog:chromeOptions: {debuggerAddress: localhost:50228}, networkConnectionEnabled: false, pageLoadStrategy: normal, platformName: windows, proxy: Proxy(), se:cdp: ws://localhost:50228/devtoo..., se:cdpVersion: 119.0.6045.124, setWindowRect: true, strictFileInteractability: false, timeouts: {implicit: 0, pageLoad: 300000, script: 30000}, unhandledPromptBehavior: dismiss and notify, webauthn:extension:credBlob: true, webauthn:extension:largeBlob: true, webauthn:extension:minPinLength: true, webauthn:extension:prf: true, webauthn:virtualAuthenticators: true}
Session ID: 01abd697a0774f64ed1ca008d9805b61">
      <![CDATA[org.openqa.selenium.NoSuchElementException: no such element: Unable to locate element: {"method":"xpath","selector":"/html/body/div[2]/div/div[3]/div/div[2]/div/div[1]/div/div[3]/img"}
  (Session info: chrome=119.0.6045.124)
For documentation on this error, please visit: https://selenium.dev/exceptions/#no_such_element
Build info: version: '4.9.1', revision: 'eb2032df7f'
System info: os.name: 'Windows 10', os.arch: 'amd64', os.version: '10.0', java.version: '20.0.1'
Driver info: org.openqa.selenium.chrome.ChromeDriver
Command: [01abd697a0774f64ed1ca008d9805b61, findElement {using=xpath, value=/html/body/div[2]/div/div[3]/div/div[2]/div/div[1]/div/div[3]/img}]
Capabilities {acceptInsecureCerts: false, browserName: chrome, browserVersion: 119.0.6045.124, chrome: {chromedriverVersion: 119.0.6045.105 (38c72552c5e..., userDataDir: C:\Users\Lenovo\AppData\Loc...}, fedcm:accounts: true, goog:chromeOptions: {debuggerAddress: localhost:50228}, networkConnectionEnabled: false, pageLoadStrategy: normal, platformName: windows, proxy: Proxy(), se:cdp: ws://localhost:50228/devtoo..., se:cdpVersion: 119.0.6045.124, setWindowRect: true, strictFileInteractability: false, timeouts: {implicit: 0, pageLoad: 300000, script: 30000}, unhandledPromptBehavior: dismiss and notify, webauthn:extension:credBlob: true, webauthn:extension:largeBlob: true, webauthn:extension:minPinLength: true, webauthn:extension:prf: true, webauthn:virtualAuthenticators: true}
Session ID: 01abd697a0774f64ed1ca008d9805b61
at org.openqa.selenium.remote.codec.w3c.W3CHttpResponseCodec.createException(W3CHttpResponseCodec.java:200)
at org.openqa.selenium.remote.codec.w3c.W3CHttpResponseCodec.decode(W3CHttpResponseCodec.java:133)
at org.openqa.selenium.remote.codec.w3c.W3CHttpResponseCodec.decode(W3CHttpResponseCodec.java:53)
at org.openqa.selenium.remote.HttpCommandExecutor.execute(HttpCommandExecutor.java:193)
at org.openqa.selenium.remote.service.DriverCommandExecutor.invokeExecute(DriverCommandExecutor.java:183)
at org.openqa.selenium.remote.service.DriverCommandExecutor.execute(DriverCommandExecutor.java:158)
at org.openqa.selenium.remote.RemoteWebDriver.execute(RemoteWebDriver.java:543)
at org.openqa.selenium.remote.ElementLocation$ElementFinder$2.findElement(ElementLocation.java:162)
at org.openqa.selenium.remote.ElementLocation.findElement(ElementLocation.java:60)
at org.openqa.selenium.remote.RemoteWebDriver.findElement(RemoteWebDriver.java:352)
at org.openqa.selenium.remote.RemoteWebDriver.findElement(RemoteWebDriver.java:344)
at SingleCollateralCompletionTestCases.RejectCollateralByBM2.CollateralAdditionLink(RejectCollateralByBM2.java:71)
at java.base/java.util.ArrayList.forEach(ArrayList.java:1511)
... Removed 28 stack frames]]>
    </failure>
  </testcase> <!-- CollateralAdditionLink -->
  <testcase classname="SingleCollateralCompletionTestCases.RejectCollateralByBM2" name="CloseBrowser" time="0.365"/>
  <testcase classname="SingleCollateralCompletionTestCases.ResubmitRejectedCollateral" name="Login" time="7.347"/>
  <testcase classname="SingleCollateralCompletionTestCases.ResubmitRejectedCollateral" name="GotoCollateral" time="11.937"/>
  <testcase classname="SingleCollateralCompletionTestCases.ResubmitRejectedCollateral" name="NewOrnamentAddition" time="18.812"/>
  <testcase classname="SingleCollateralCompletionTestCases.ResubmitRejectedCollateral" name="SubmitCollateral" time="28.371"/>
  <testcase classname="SingleCollateralCompletionTestCases.ResubmitRejectedCollateral" name="CloseBrowser" time="0.372"/>
  <testcase classname="SingleCollateralCompletionTestCases.ApproveCollateralByBM" name="Browser" time="1.402"/>
  <testcase classname="SingleCollateralCompletionTestCases.ApproveCollateralByBM" name="Login" time="6.739"/>
  <testcase classname="SingleCollateralCompletionTestCases.ApproveCollateralByBM" name="CollateralAdditionLink" time="41.014"/>
  <testcase classname="SingleCollateralCompletionTestCases.ApproveCollateralByBM" name="CloseBrowser" time="0.421"/>
  <testcase classname="SingleCollateralCompletionTestCases.ChargeAndMovementRequestByBM" name="Browser" time="1.46"/>
  <testcase classname="SingleCollateralCompletionTestCases.ChargeAndMovementRequestByBM" name="Login" time="3.338"/>
  <testcase classname="SingleCollateralCompletionTestCases.ChargeAndMovementRequestByBM" name="SearchCollateral" time="12.389"/>
  <testcase classname="SingleCollateralCompletionTestCases.ChargeAndMovementRequestByBM" name="ChargeRequestFormFillup" time="30.968"/>
  <testcase classname="SingleCollateralCompletionTestCases.ChargeAndMovementRequestByBM" name="CloseBrowser" time="0.289"/>
  <testcase classname="SingleCollateralCompletionTestCases.cancelChargeRequestByBM" name="Browser" time="1.1"/>
  <testcase classname="SingleCollateralCompletionTestCases.cancelChargeRequestByBM" name="Login" time="6.597"/>
  <testcase classname="SingleCollateralCompletionTestCases.cancelChargeRequestByBM" name="CancelChargeRequest" time="34.722"/>
  <testcase classname="SingleCollateralCompletionTestCases.cancelChargeRequestByBM" name="CloseBrowser" time="0.451"/>
  <testcase classname="SingleCollateralCompletionTestCases.ChargeAndMovementRequestByBM1" name="Browser" time="1.185"/>
  <testcase classname="SingleCollateralCompletionTestCases.ChargeAndMovementRequestByBM1" name="Login" time="4.574"/>
  <testcase classname="SingleCollateralCompletionTestCases.ChargeAndMovementRequestByBM1" name="SearchCollateral" time="12.576"/>
  <testcase classname="SingleCollateralCompletionTestCases.ChargeAndMovementRequestByBM1" name="ChargeRequestFormFillup" time="30.943"/>
  <testcase classname="SingleCollateralCompletionTestCases.ChargeAndMovementRequestByBM1" name="CloseBrowser" time="0.337"/>
  <testcase classname="SingleCollateralCompletionTestCases.RequestMovementCompletionByFO" name="Browser" time="1.582"/>
  <testcase classname="SingleCollateralCompletionTestCases.RequestMovementCompletionByFO" name="Login" time="9.271"/>
  <testcase classname="SingleCollateralCompletionTestCases.RequestMovementCompletionByFO" name="StartTrip" time="16.387"/>
  <testcase classname="SingleCollateralCompletionTestCases.RequestMovementCompletionByFO" name="TrackOngoingTrip" time="22.394"/>
  <testcase classname="SingleCollateralCompletionTestCases.RequestMovementCompletionByFO" name="CloseBrowser" time="0.408"/>
  <testcase classname="SingleCollateralCompletionTestCases.CancelChargeAfterMovement" name="Browser" time="1.445"/>
  <testcase classname="SingleCollateralCompletionTestCases.CancelChargeAfterMovement" name="Login" time="7.755"/>
  <testcase classname="SingleCollateralCompletionTestCases.CancelChargeAfterMovement" name="CancelChargeRequest" time="25.997"/>
  <testcase classname="SingleCollateralCompletionTestCases.CancelChargeAfterMovement" name="CloseBrowser" time="0.359"/>
  <testcase classname="SingleCollateralCompletionTestCases.RequestMovementCompletionByFO1" name="Browser" time="1.145"/>
  <testcase classname="SingleCollateralCompletionTestCases.RequestMovementCompletionByFO1" name="Login" time="8.132"/>
  <testcase classname="SingleCollateralCompletionTestCases.RequestMovementCompletionByFO1" name="StartTrip" time="16.141"/>
  <testcase classname="SingleCollateralCompletionTestCases.RequestMovementCompletionByFO1" name="TrackOngoingTrip" time="22.396"/>
  <testcase classname="SingleCollateralCompletionTestCases.RequestMovementCompletionByFO1" name="CloseBrowser" time="0.41"/>
  <testcase classname="SingleCollateralCompletionTestCases.ChargeAndMovementRequestByBM2" name="Browser" time="1.054"/>
  <testcase classname="SingleCollateralCompletionTestCases.ChargeAndMovementRequestByBM2" name="Login" time="3.939"/>
  <testcase classname="SingleCollateralCompletionTestCases.ChargeAndMovementRequestByBM2" name="SearchCollateral" time="12.718"/>
  <testcase classname="SingleCollateralCompletionTestCases.ChargeAndMovementRequestByBM2" name="ChargeRequestFormFillup" time="30.872"/>
  <testcase classname="SingleCollateralCompletionTestCases.ChargeAndMovementRequestByBM2" name="CloseBrowser" time="0.325"/>
  <testcase classname="SingleCollateralCompletionTestCases.RequestMovementStartTripByFO" name="Browser" time="1.466"/>
  <testcase classname="SingleCollateralCompletionTestCases.RequestMovementStartTripByFO" name="Login" time="6.708"/>
  <testcase classname="SingleCollateralCompletionTestCases.RequestMovementStartTripByFO" name="StartTrip" time="17.01"/>
  <testcase classname="SingleCollateralCompletionTestCases.RequestMovementStartTripByFO" name="TrackOngoingTrip" time="15.233"/>
  <testcase classname="SingleCollateralCompletionTestCases.RequestMovementStartTripByFO" name="CloseBrowser" time="0.314"/>
  <testcase classname="SingleCollateralCompletionTestCases.RequestMovementInprogressAbandonByFO" name="Browser" time="1.473"/>
  <testcase classname="SingleCollateralCompletionTestCases.RequestMovementInprogressAbandonByFO" name="Login" time="7.033"/>
  <testcase classname="SingleCollateralCompletionTestCases.RequestMovementInprogressAbandonByFO" name="StartTrip" time="16.148"/>
  <testcase classname="SingleCollateralCompletionTestCases.RequestMovementInprogressAbandonByFO" name="TrackOngoingTrip" time="11.464">
    <failure type="org.openqa.selenium.ElementClickInterceptedException" message="element click intercepted: Element &amp;lt;select ng-model=&amp;quot;abandon.field.reason.value&amp;quot; class=&amp;quot;ng-pristine ng-untouched ng-valid ng-empty&amp;quot;&amp;gt;...&amp;lt;/select&amp;gt; is not clickable at point (683, 370). Other element would receive the click: &amp;lt;div class=&amp;quot;form-field &amp;quot;&amp;gt;...&amp;lt;/div&amp;gt;
  (Session info: chrome=119.0.6045.124)
Build info: version: &amp;apos;4.9.1&amp;apos;, revision: &amp;apos;eb2032df7f&amp;apos;
System info: os.name: &amp;apos;Windows 10&amp;apos;, os.arch: &amp;apos;amd64&amp;apos;, os.version: &amp;apos;10.0&amp;apos;, java.version: &amp;apos;20.0.1&amp;apos;
Driver info: org.openqa.selenium.chrome.ChromeDriver
Command: [a1c9e1d2fd77a721a31abe2dfb721ae1, clickElement {id=3D6586A5C17D7EA291E44E6466B01D3A_element_1234}]
Capabilities {acceptInsecureCerts: false, browserName: chrome, browserVersion: 119.0.6045.124, chrome: {chromedriverVersion: 119.0.6045.105 (38c72552c5e..., userDataDir: C:\Users\Lenovo\AppData\Loc...}, fedcm:accounts: true, goog:chromeOptions: {debuggerAddress: localhost:50648}, networkConnectionEnabled: false, pageLoadStrategy: normal, platformName: windows, proxy: Proxy(), se:cdp: ws://localhost:50648/devtoo..., se:cdpVersion: 119.0.6045.124, setWindowRect: true, strictFileInteractability: false, timeouts: {implicit: 0, pageLoad: 300000, script: 30000}, unhandledPromptBehavior: dismiss and notify, webauthn:extension:credBlob: true, webauthn:extension:largeBlob: true, webauthn:extension:minPinLength: true, webauthn:extension:prf: true, webauthn:virtualAuthenticators: true}
Element: [[ChromeDriver: chrome on windows (a1c9e1d2fd77a721a31abe2dfb721ae1)] -&amp;gt; css selector: [ng-model=&amp;apos;abandon.field.reason.value&amp;apos;]]
Session ID: a1c9e1d2fd77a721a31abe2dfb721ae1">
      <![CDATA[org.openqa.selenium.ElementClickInterceptedException: element click intercepted: Element <select ng-model="abandon.field.reason.value" class="ng-pristine ng-untouched ng-valid ng-empty">...</select> is not clickable at point (683, 370). Other element would receive the click: <div class="form-field ">...</div>
  (Session info: chrome=119.0.6045.124)
Build info: version: '4.9.1', revision: 'eb2032df7f'
System info: os.name: 'Windows 10', os.arch: 'amd64', os.version: '10.0', java.version: '20.0.1'
Driver info: org.openqa.selenium.chrome.ChromeDriver
Command: [a1c9e1d2fd77a721a31abe2dfb721ae1, clickElement {id=3D6586A5C17D7EA291E44E6466B01D3A_element_1234}]
Capabilities {acceptInsecureCerts: false, browserName: chrome, browserVersion: 119.0.6045.124, chrome: {chromedriverVersion: 119.0.6045.105 (38c72552c5e..., userDataDir: C:\Users\Lenovo\AppData\Loc...}, fedcm:accounts: true, goog:chromeOptions: {debuggerAddress: localhost:50648}, networkConnectionEnabled: false, pageLoadStrategy: normal, platformName: windows, proxy: Proxy(), se:cdp: ws://localhost:50648/devtoo..., se:cdpVersion: 119.0.6045.124, setWindowRect: true, strictFileInteractability: false, timeouts: {implicit: 0, pageLoad: 300000, script: 30000}, unhandledPromptBehavior: dismiss and notify, webauthn:extension:credBlob: true, webauthn:extension:largeBlob: true, webauthn:extension:minPinLength: true, webauthn:extension:prf: true, webauthn:virtualAuthenticators: true}
Element: [[ChromeDriver: chrome on windows (a1c9e1d2fd77a721a31abe2dfb721ae1)] -> css selector: [ng-model='abandon.field.reason.value']]
Session ID: a1c9e1d2fd77a721a31abe2dfb721ae1
at org.openqa.selenium.remote.codec.w3c.W3CHttpResponseCodec.createException(W3CHttpResponseCodec.java:200)
at org.openqa.selenium.remote.codec.w3c.W3CHttpResponseCodec.decode(W3CHttpResponseCodec.java:133)
at org.openqa.selenium.remote.codec.w3c.W3CHttpResponseCodec.decode(W3CHttpResponseCodec.java:53)
at org.openqa.selenium.remote.HttpCommandExecutor.execute(HttpCommandExecutor.java:193)
at org.openqa.selenium.remote.service.DriverCommandExecutor.invokeExecute(DriverCommandExecutor.java:183)
at org.openqa.selenium.remote.service.DriverCommandExecutor.execute(DriverCommandExecutor.java:158)
at org.openqa.selenium.remote.RemoteWebDriver.execute(RemoteWebDriver.java:543)
at org.openqa.selenium.remote.RemoteWebElement.execute(RemoteWebElement.java:257)
at org.openqa.selenium.remote.RemoteWebElement.click(RemoteWebElement.java:78)
at SingleCollateralCompletionTestCases.RequestMovementInprogressAbandonByFO.TrackOngoingTrip(RequestMovementInprogressAbandonByFO.java:81)
at java.base/java.util.ArrayList.forEach(ArrayList.java:1511)
... Removed 28 stack frames]]>
    </failure>
  </testcase> <!-- TrackOngoingTrip -->
  <testcase classname="SingleCollateralCompletionTestCases.RequestMovementInprogressAbandonByFO" name="CloseBrowser" time="0.345"/>
  <testcase classname="SingleCollateralCompletionTestCases.cancelChargeRequestByBM1" name="Browser" time="1.416"/>
  <testcase classname="SingleCollateralCompletionTestCases.cancelChargeRequestByBM1" name="Login" time="5.58"/>
  <testcase classname="SingleCollateralCompletionTestCases.cancelChargeRequestByBM1" name="CancelChargeRequest" time="34.651"/>
  <testcase classname="SingleCollateralCompletionTestCases.cancelChargeRequestByBM1" name="CloseBrowser" time="0.53"/>
  <testcase classname="SingleCollateralCompletionTestCases.ChargeAndMovementRequestByBM3" name="Browser" time="1.537"/>
  <testcase classname="SingleCollateralCompletionTestCases.ChargeAndMovementRequestByBM3" name="Login" time="2.67"/>
  <testcase classname="SingleCollateralCompletionTestCases.ChargeAndMovementRequestByBM3" name="SearchCollateral" time="12.541"/>
  <testcase classname="SingleCollateralCompletionTestCases.ChargeAndMovementRequestByBM3" name="ChargeRequestFormFillup" time="36.945">
    <failure type="org.openqa.selenium.NoSuchElementException" message="no such element: Unable to locate element: {&amp;quot;method&amp;quot;:&amp;quot;xpath&amp;quot;,&amp;quot;selector&amp;quot;:&amp;quot;/html/body/div[2]/div/div[1]/div/h1&amp;quot;}
  (Session info: chrome=119.0.6045.124)
For documentation on this error, please visit: https://selenium.dev/exceptions/#no_such_element
Build info: version: &amp;apos;4.9.1&amp;apos;, revision: &amp;apos;eb2032df7f&amp;apos;
System info: os.name: &amp;apos;Windows 10&amp;apos;, os.arch: &amp;apos;amd64&amp;apos;, os.version: &amp;apos;10.0&amp;apos;, java.version: &amp;apos;20.0.1&amp;apos;
Driver info: org.openqa.selenium.chrome.ChromeDriver
Command: [60e7daec0e6cf215587ff8f8f24c2555, findElement {using=xpath, value=/html/body/div[2]/div/div[1]/div/h1}]
Capabilities {acceptInsecureCerts: false, browserName: chrome, browserVersion: 119.0.6045.124, chrome: {chromedriverVersion: 119.0.6045.105 (38c72552c5e..., userDataDir: C:\Users\Lenovo\AppData\Loc...}, fedcm:accounts: true, goog:chromeOptions: {debuggerAddress: localhost:50739}, networkConnectionEnabled: false, pageLoadStrategy: normal, platformName: windows, proxy: Proxy(), se:cdp: ws://localhost:50739/devtoo..., se:cdpVersion: 119.0.6045.124, setWindowRect: true, strictFileInteractability: false, timeouts: {implicit: 0, pageLoad: 300000, script: 30000}, unhandledPromptBehavior: dismiss and notify, webauthn:extension:credBlob: true, webauthn:extension:largeBlob: true, webauthn:extension:minPinLength: true, webauthn:extension:prf: true, webauthn:virtualAuthenticators: true}
Session ID: 60e7daec0e6cf215587ff8f8f24c2555">
      <![CDATA[org.openqa.selenium.NoSuchElementException: no such element: Unable to locate element: {"method":"xpath","selector":"/html/body/div[2]/div/div[1]/div/h1"}
  (Session info: chrome=119.0.6045.124)
For documentation on this error, please visit: https://selenium.dev/exceptions/#no_such_element
Build info: version: '4.9.1', revision: 'eb2032df7f'
System info: os.name: 'Windows 10', os.arch: 'amd64', os.version: '10.0', java.version: '20.0.1'
Driver info: org.openqa.selenium.chrome.ChromeDriver
Command: [60e7daec0e6cf215587ff8f8f24c2555, findElement {using=xpath, value=/html/body/div[2]/div/div[1]/div/h1}]
Capabilities {acceptInsecureCerts: false, browserName: chrome, browserVersion: 119.0.6045.124, chrome: {chromedriverVersion: 119.0.6045.105 (38c72552c5e..., userDataDir: C:\Users\Lenovo\AppData\Loc...}, fedcm:accounts: true, goog:chromeOptions: {debuggerAddress: localhost:50739}, networkConnectionEnabled: false, pageLoadStrategy: normal, platformName: windows, proxy: Proxy(), se:cdp: ws://localhost:50739/devtoo..., se:cdpVersion: 119.0.6045.124, setWindowRect: true, strictFileInteractability: false, timeouts: {implicit: 0, pageLoad: 300000, script: 30000}, unhandledPromptBehavior: dismiss and notify, webauthn:extension:credBlob: true, webauthn:extension:largeBlob: true, webauthn:extension:minPinLength: true, webauthn:extension:prf: true, webauthn:virtualAuthenticators: true}
Session ID: 60e7daec0e6cf215587ff8f8f24c2555
at org.openqa.selenium.remote.codec.w3c.W3CHttpResponseCodec.createException(W3CHttpResponseCodec.java:200)
at org.openqa.selenium.remote.codec.w3c.W3CHttpResponseCodec.decode(W3CHttpResponseCodec.java:133)
at org.openqa.selenium.remote.codec.w3c.W3CHttpResponseCodec.decode(W3CHttpResponseCodec.java:53)
at org.openqa.selenium.remote.HttpCommandExecutor.execute(HttpCommandExecutor.java:193)
at org.openqa.selenium.remote.service.DriverCommandExecutor.invokeExecute(DriverCommandExecutor.java:183)
at org.openqa.selenium.remote.service.DriverCommandExecutor.execute(DriverCommandExecutor.java:158)
at org.openqa.selenium.remote.RemoteWebDriver.execute(RemoteWebDriver.java:543)
at org.openqa.selenium.remote.ElementLocation$ElementFinder$2.findElement(ElementLocation.java:162)
at org.openqa.selenium.remote.ElementLocation.findElement(ElementLocation.java:60)
at org.openqa.selenium.remote.RemoteWebDriver.findElement(RemoteWebDriver.java:352)
at org.openqa.selenium.remote.RemoteWebDriver.findElement(RemoteWebDriver.java:344)
at SingleCollateralCompletionTestCases.ChargeAndMovementRequestByBM3.ChargeRequestFormFillup(ChargeAndMovementRequestByBM3.java:154)
at java.base/java.util.ArrayList.forEach(ArrayList.java:1511)
... Removed 28 stack frames]]>
    </failure>
  </testcase> <!-- ChargeRequestFormFillup -->
  <testcase classname="SingleCollateralCompletionTestCases.ChargeAndMovementRequestByBM3" name="CloseBrowser" time="0.37"/>
  <testcase classname="SingleCollateralCompletionTestCases.RequestMovementCompletionByFO2" name="Browser" time="1.075"/>
  <testcase classname="SingleCollateralCompletionTestCases.RequestMovementCompletionByFO2" name="Login" time="6.64"/>
  <testcase classname="SingleCollateralCompletionTestCases.RequestMovementCompletionByFO2" name="StartTrip" time="16.632"/>
  <testcase classname="SingleCollateralCompletionTestCases.RequestMovementCompletionByFO2" name="TrackOngoingTrip" time="17.119">
    <failure type="org.openqa.selenium.NoSuchElementException" message="no such element: Unable to locate element: {&amp;quot;method&amp;quot;:&amp;quot;xpath&amp;quot;,&amp;quot;selector&amp;quot;:&amp;quot;/html/body/div[2]/div[5]/div[2]/div&amp;quot;}
  (Session info: chrome=119.0.6045.124)
For documentation on this error, please visit: https://selenium.dev/exceptions/#no_such_element
Build info: version: &amp;apos;4.9.1&amp;apos;, revision: &amp;apos;eb2032df7f&amp;apos;
System info: os.name: &amp;apos;Windows 10&amp;apos;, os.arch: &amp;apos;amd64&amp;apos;, os.version: &amp;apos;10.0&amp;apos;, java.version: &amp;apos;20.0.1&amp;apos;
Driver info: org.openqa.selenium.chrome.ChromeDriver
Command: [af06b83c56bc04093f04b92729efc99f, findElement {using=xpath, value=/html/body/div[2]/div[5]/div[2]/div}]
Capabilities {acceptInsecureCerts: false, browserName: chrome, browserVersion: 119.0.6045.124, chrome: {chromedriverVersion: 119.0.6045.105 (38c72552c5e..., userDataDir: C:\Users\Lenovo\AppData\Loc...}, fedcm:accounts: true, goog:chromeOptions: {debuggerAddress: localhost:50766}, networkConnectionEnabled: false, pageLoadStrategy: normal, platformName: windows, proxy: Proxy(), se:cdp: ws://localhost:50766/devtoo..., se:cdpVersion: 119.0.6045.124, setWindowRect: true, strictFileInteractability: false, timeouts: {implicit: 0, pageLoad: 300000, script: 30000}, unhandledPromptBehavior: dismiss and notify, webauthn:extension:credBlob: true, webauthn:extension:largeBlob: true, webauthn:extension:minPinLength: true, webauthn:extension:prf: true, webauthn:virtualAuthenticators: true}
Session ID: af06b83c56bc04093f04b92729efc99f">
      <![CDATA[org.openqa.selenium.NoSuchElementException: no such element: Unable to locate element: {"method":"xpath","selector":"/html/body/div[2]/div[5]/div[2]/div"}
  (Session info: chrome=119.0.6045.124)
For documentation on this error, please visit: https://selenium.dev/exceptions/#no_such_element
Build info: version: '4.9.1', revision: 'eb2032df7f'
System info: os.name: 'Windows 10', os.arch: 'amd64', os.version: '10.0', java.version: '20.0.1'
Driver info: org.openqa.selenium.chrome.ChromeDriver
Command: [af06b83c56bc04093f04b92729efc99f, findElement {using=xpath, value=/html/body/div[2]/div[5]/div[2]/div}]
Capabilities {acceptInsecureCerts: false, browserName: chrome, browserVersion: 119.0.6045.124, chrome: {chromedriverVersion: 119.0.6045.105 (38c72552c5e..., userDataDir: C:\Users\Lenovo\AppData\Loc...}, fedcm:accounts: true, goog:chromeOptions: {debuggerAddress: localhost:50766}, networkConnectionEnabled: false, pageLoadStrategy: normal, platformName: windows, proxy: Proxy(), se:cdp: ws://localhost:50766/devtoo..., se:cdpVersion: 119.0.6045.124, setWindowRect: true, strictFileInteractability: false, timeouts: {implicit: 0, pageLoad: 300000, script: 30000}, unhandledPromptBehavior: dismiss and notify, webauthn:extension:credBlob: true, webauthn:extension:largeBlob: true, webauthn:extension:minPinLength: true, webauthn:extension:prf: true, webauthn:virtualAuthenticators: true}
Session ID: af06b83c56bc04093f04b92729efc99f
at org.openqa.selenium.remote.codec.w3c.W3CHttpResponseCodec.createException(W3CHttpResponseCodec.java:200)
at org.openqa.selenium.remote.codec.w3c.W3CHttpResponseCodec.decode(W3CHttpResponseCodec.java:133)
at org.openqa.selenium.remote.codec.w3c.W3CHttpResponseCodec.decode(W3CHttpResponseCodec.java:53)
at org.openqa.selenium.remote.HttpCommandExecutor.execute(HttpCommandExecutor.java:193)
at org.openqa.selenium.remote.service.DriverCommandExecutor.invokeExecute(DriverCommandExecutor.java:183)
at org.openqa.selenium.remote.service.DriverCommandExecutor.execute(DriverCommandExecutor.java:158)
at org.openqa.selenium.remote.RemoteWebDriver.execute(RemoteWebDriver.java:543)
at org.openqa.selenium.remote.ElementLocation$ElementFinder$2.findElement(ElementLocation.java:162)
at org.openqa.selenium.remote.ElementLocation.findElement(ElementLocation.java:60)
at org.openqa.selenium.remote.RemoteWebDriver.findElement(RemoteWebDriver.java:352)
at org.openqa.selenium.remote.RemoteWebDriver.findElement(RemoteWebDriver.java:344)
at SingleCollateralCompletionTestCases.RequestMovementCompletionByFO2.TrackOngoingTrip(RequestMovementCompletionByFO2.java:78)
at java.base/java.util.ArrayList.forEach(ArrayList.java:1511)
... Removed 28 stack frames]]>
    </failure>
  </testcase> <!-- TrackOngoingTrip -->
  <testcase classname="SingleCollateralCompletionTestCases.RequestMovementCompletionByFO2" name="CloseBrowser" time="0.426"/>
  <testcase classname="SingleCollateralCompletionTestCases.RequestChargeConfirmationByFO" name="Browser" time="1.428"/>
  <testcase classname="SingleCollateralCompletionTestCases.RequestChargeConfirmationByFO" name="Login" time="7.5"/>
  <testcase classname="SingleCollateralCompletionTestCases.RequestChargeConfirmationByFO" name="ChargeFormOpen" time="30.902"/>
  <testcase classname="SingleCollateralCompletionTestCases.RequestChargeConfirmationByFO" name="ChargeFillup" time="26.838"/>
  <testcase classname="SingleCollateralCompletionTestCases.RequestChargeConfirmationByFO" name="CloseBrowser" time="0.313"/>
  <testcase classname="SingleCollateralCompletionTestCases.RejectChargeConfirmationByBM" name="Browser" time="1.444"/>
  <testcase classname="SingleCollateralCompletionTestCases.RejectChargeConfirmationByBM" name="Login" time="6.79"/>
  <testcase classname="SingleCollateralCompletionTestCases.RejectChargeConfirmationByBM" name="OpenCharges" time="28.291"/>
  <testcase classname="SingleCollateralCompletionTestCases.RejectChargeConfirmationByBM" name="CloseBrowser" time="0.357"/>
  <testcase classname="SingleCollateralCompletionTestCases.ResubmitChargeConfirmationByFO1" name="Browser" time="1.075"/>
  <testcase classname="SingleCollateralCompletionTestCases.ResubmitChargeConfirmationByFO1" name="Login" time="7.068"/>
  <testcase classname="SingleCollateralCompletionTestCases.ResubmitChargeConfirmationByFO1" name="ChargeFormOpen" time="31.782"/>
  <testcase classname="SingleCollateralCompletionTestCases.ResubmitChargeConfirmationByFO1" name="ChargeFillup" time="26.968"/>
  <testcase classname="SingleCollateralCompletionTestCases.ResubmitChargeConfirmationByFO1" name="CloseBrowser" time="0.378"/>
  <testcase classname="SingleCollateralCompletionTestCases.ChargeConfirmationByBM" name="Browser" time="1.039"/>
  <testcase classname="SingleCollateralCompletionTestCases.ChargeConfirmationByBM" name="Login" time="7.886"/>
  <testcase classname="SingleCollateralCompletionTestCases.ChargeConfirmationByBM" name="OpenCharges" time="25.309"/>
  <testcase classname="SingleCollateralCompletionTestCases.ChargeConfirmationByBM" name="CloseBrowser" time="0.488"/>
  <testcase classname="SingleCollateralCompletionTestCases.ChargeReleaseRequestByBM" name="Browser" time="1.054"/>
  <testcase classname="SingleCollateralCompletionTestCases.ChargeReleaseRequestByBM" name="Login" time="6.634"/>
  <testcase classname="SingleCollateralCompletionTestCases.ChargeReleaseRequestByBM" name="ChargeReleaseForm" time="20.521"/>
  <testcase classname="SingleCollateralCompletionTestCases.ChargeReleaseRequestByBM" name="RequestClosure" time="26.452"/>
  <testcase classname="SingleCollateralCompletionTestCases.ChargeReleaseRequestByBM" name="CloseBrowser" time="0.368"/>
  <testcase classname="SingleCollateralCompletionTestCases.ReleaseMovementComplete" name="Browser" time="1.058"/>
  <testcase classname="SingleCollateralCompletionTestCases.ReleaseMovementComplete" name="Login" time="6.783"/>
  <testcase classname="SingleCollateralCompletionTestCases.ReleaseMovementComplete" name="StartTrip" time="16.27"/>
  <testcase classname="SingleCollateralCompletionTestCases.ReleaseMovementComplete" name="TrackOngoingTrip" time="41.199"/>
  <testcase classname="SingleCollateralCompletionTestCases.ReleaseMovementComplete" name="CloseBrowser" time="0.37"/>
  <testcase classname="SingleCollateralCompletionTestCases.ChargeClosureByBM" name="Browser" time="1.059"/>
  <testcase classname="SingleCollateralCompletionTestCases.ChargeClosureByBM" name="Login" time="8.919"/>
  <testcase classname="SingleCollateralCompletionTestCases.ChargeClosureByBM" name="ChargeClosure" time="31.681"/>
  <testcase classname="SingleCollateralCompletionTestCases.ChargeClosureByBM" name="OwnChargeClosure" time="30.385">
    <failure type="org.openqa.selenium.NoSuchElementException" message="no such element: Unable to locate element: {&amp;quot;method&amp;quot;:&amp;quot;xpath&amp;quot;,&amp;quot;selector&amp;quot;:&amp;quot;/html/body/div[2]/div[1]/span&amp;quot;}
  (Session info: chrome=119.0.6045.124)
For documentation on this error, please visit: https://selenium.dev/exceptions/#no_such_element
Build info: version: &amp;apos;4.9.1&amp;apos;, revision: &amp;apos;eb2032df7f&amp;apos;
System info: os.name: &amp;apos;Windows 10&amp;apos;, os.arch: &amp;apos;amd64&amp;apos;, os.version: &amp;apos;10.0&amp;apos;, java.version: &amp;apos;20.0.1&amp;apos;
Driver info: org.openqa.selenium.chrome.ChromeDriver
Command: [a009230a55663b7c5b52b131655cbab8, findElement {using=xpath, value=/html/body/div[2]/div[1]/span}]
Capabilities {acceptInsecureCerts: false, browserName: chrome, browserVersion: 119.0.6045.124, chrome: {chromedriverVersion: 119.0.6045.105 (38c72552c5e..., userDataDir: C:\Users\Lenovo\AppData\Loc...}, fedcm:accounts: true, goog:chromeOptions: {debuggerAddress: localhost:51009}, networkConnectionEnabled: false, pageLoadStrategy: normal, platformName: windows, proxy: Proxy(), se:cdp: ws://localhost:51009/devtoo..., se:cdpVersion: 119.0.6045.124, setWindowRect: true, strictFileInteractability: false, timeouts: {implicit: 0, pageLoad: 300000, script: 30000}, unhandledPromptBehavior: dismiss and notify, webauthn:extension:credBlob: true, webauthn:extension:largeBlob: true, webauthn:extension:minPinLength: true, webauthn:extension:prf: true, webauthn:virtualAuthenticators: true}
Session ID: a009230a55663b7c5b52b131655cbab8">
      <![CDATA[org.openqa.selenium.NoSuchElementException: no such element: Unable to locate element: {"method":"xpath","selector":"/html/body/div[2]/div[1]/span"}
  (Session info: chrome=119.0.6045.124)
For documentation on this error, please visit: https://selenium.dev/exceptions/#no_such_element
Build info: version: '4.9.1', revision: 'eb2032df7f'
System info: os.name: 'Windows 10', os.arch: 'amd64', os.version: '10.0', java.version: '20.0.1'
Driver info: org.openqa.selenium.chrome.ChromeDriver
Command: [a009230a55663b7c5b52b131655cbab8, findElement {using=xpath, value=/html/body/div[2]/div[1]/span}]
Capabilities {acceptInsecureCerts: false, browserName: chrome, browserVersion: 119.0.6045.124, chrome: {chromedriverVersion: 119.0.6045.105 (38c72552c5e..., userDataDir: C:\Users\Lenovo\AppData\Loc...}, fedcm:accounts: true, goog:chromeOptions: {debuggerAddress: localhost:51009}, networkConnectionEnabled: false, pageLoadStrategy: normal, platformName: windows, proxy: Proxy(), se:cdp: ws://localhost:51009/devtoo..., se:cdpVersion: 119.0.6045.124, setWindowRect: true, strictFileInteractability: false, timeouts: {implicit: 0, pageLoad: 300000, script: 30000}, unhandledPromptBehavior: dismiss and notify, webauthn:extension:credBlob: true, webauthn:extension:largeBlob: true, webauthn:extension:minPinLength: true, webauthn:extension:prf: true, webauthn:virtualAuthenticators: true}
Session ID: a009230a55663b7c5b52b131655cbab8
at org.openqa.selenium.remote.codec.w3c.W3CHttpResponseCodec.createException(W3CHttpResponseCodec.java:200)
at org.openqa.selenium.remote.codec.w3c.W3CHttpResponseCodec.decode(W3CHttpResponseCodec.java:133)
at org.openqa.selenium.remote.codec.w3c.W3CHttpResponseCodec.decode(W3CHttpResponseCodec.java:53)
at org.openqa.selenium.remote.HttpCommandExecutor.execute(HttpCommandExecutor.java:193)
at org.openqa.selenium.remote.service.DriverCommandExecutor.invokeExecute(DriverCommandExecutor.java:183)
at org.openqa.selenium.remote.service.DriverCommandExecutor.execute(DriverCommandExecutor.java:158)
at org.openqa.selenium.remote.RemoteWebDriver.execute(RemoteWebDriver.java:543)
at org.openqa.selenium.remote.ElementLocation$ElementFinder$2.findElement(ElementLocation.java:162)
at org.openqa.selenium.remote.ElementLocation.findElement(ElementLocation.java:60)
at org.openqa.selenium.remote.RemoteWebDriver.findElement(RemoteWebDriver.java:352)
at org.openqa.selenium.remote.RemoteWebDriver.findElement(RemoteWebDriver.java:344)
at SingleCollateralCompletionTestCases.ChargeClosureByBM.OwnChargeClosure(ChargeClosureByBM.java:117)
at java.base/java.util.ArrayList.forEach(ArrayList.java:1511)
... Removed 28 stack frames]]>
    </failure>
  </testcase> <!-- OwnChargeClosure -->
  <testcase classname="SingleCollateralCompletionTestCases.ChargeClosureByBM" name="CloseBrowser" time="0.35"/>
  <testcase classname="SingleCollateralCompletionTestCases.CollateralRelease" name="Browser" time="1.094"/>
  <testcase classname="SingleCollateralCompletionTestCases.CollateralRelease" name="Login" time="8.721"/>
  <testcase classname="SingleCollateralCompletionTestCases.CollateralRelease" name="CollateralRelease" time="28.838"/>
  <testcase classname="SingleCollateralCompletionTestCases.CollateralRelease" name="CloseBrowser" time="0.353"/>
</testsuite> <!-- Test -->
